ARM GAS  C:\Users\sunyi\AppData\Local\Temp\cc1DSMyr.s 			page 1


   1              		.cpu cortex-m0
   2              		.fpu softvfp
   3              		.eabi_attribute 20, 1
   4              		.eabi_attribute 21, 1
   5              		.eabi_attribute 23, 3
   6              		.eabi_attribute 24, 1
   7              		.eabi_attribute 25, 1
   8              		.eabi_attribute 26, 1
   9              		.eabi_attribute 30, 6
  10              		.eabi_attribute 34, 0
  11              		.eabi_attribute 18, 4
  12              		.code	16
  13              		.file	"BLE_dis.c"
  14              		.text
  15              	.Ltext0:
  16              		.cfi_sections	.debug_frame
  17              		.global	cyBle_diss
  18              		.section	.rodata
  19              		.align	2
  20              		.type	cyBle_diss, %object
  21              		.size	cyBle_diss, 20
  22              	cyBle_diss:
  23 0000 1400     		.short	20
  24 0002 1600     		.short	22
  25 0004 1800     		.short	24
  26 0006 1A00     		.short	26
  27 0008 1C00     		.short	28
  28 000a 1E00     		.short	30
  29 000c 2000     		.short	32
  30 000e 2200     		.short	34
  31 0010 2400     		.short	36
  32 0012 2600     		.short	38
  33              		.section	.text.CyBle_DisInit,"ax",%progbits
  34              		.align	2
  35              		.global	CyBle_DisInit
  36              		.code	16
  37              		.thumb_func
  38              		.type	CyBle_DisInit, %function
  39              	CyBle_DisInit:
  40              	.LFB2:
  41              		.file 1 ".\\Generated_Source\\PSoC4\\BLE_dis.c"
   1:.\Generated_Source\PSoC4/BLE_dis.c **** /*******************************************************************************
   2:.\Generated_Source\PSoC4/BLE_dis.c **** File Name: CYBLE_dis.c
   3:.\Generated_Source\PSoC4/BLE_dis.c **** Version 2.0
   4:.\Generated_Source\PSoC4/BLE_dis.c **** 
   5:.\Generated_Source\PSoC4/BLE_dis.c **** Description:
   6:.\Generated_Source\PSoC4/BLE_dis.c ****  Contains the source code for the Device Information Service.
   7:.\Generated_Source\PSoC4/BLE_dis.c **** 
   8:.\Generated_Source\PSoC4/BLE_dis.c **** ********************************************************************************
   9:.\Generated_Source\PSoC4/BLE_dis.c **** Copyright 2014-2015, Cypress Semiconductor Corporation.  All rights reserved.
  10:.\Generated_Source\PSoC4/BLE_dis.c **** You may use this file only in accordance with the license, terms, conditions,
  11:.\Generated_Source\PSoC4/BLE_dis.c **** disclaimers, and limitations in the end user license agreement accompanying
  12:.\Generated_Source\PSoC4/BLE_dis.c **** the software package with which this file was provided.
  13:.\Generated_Source\PSoC4/BLE_dis.c **** *******************************************************************************/
  14:.\Generated_Source\PSoC4/BLE_dis.c **** 
  15:.\Generated_Source\PSoC4/BLE_dis.c **** 
  16:.\Generated_Source\PSoC4/BLE_dis.c **** #include "BLE_eventHandler.h"
ARM GAS  C:\Users\sunyi\AppData\Local\Temp\cc1DSMyr.s 			page 2


  17:.\Generated_Source\PSoC4/BLE_dis.c **** 
  18:.\Generated_Source\PSoC4/BLE_dis.c **** #ifdef CYBLE_DIS_SERVER
  19:.\Generated_Source\PSoC4/BLE_dis.c **** 
  20:.\Generated_Source\PSoC4/BLE_dis.c **** const CYBLE_DISS_T cyBle_diss =
  21:.\Generated_Source\PSoC4/BLE_dis.c **** {
  22:.\Generated_Source\PSoC4/BLE_dis.c ****     0x0014u,    /* Handle of the DIS service */
  23:.\Generated_Source\PSoC4/BLE_dis.c ****     {
  24:.\Generated_Source\PSoC4/BLE_dis.c ****         0x0016u, /* Handle of the Manufacturer Name String characteristic */ 
  25:.\Generated_Source\PSoC4/BLE_dis.c ****         0x0018u, /* Handle of the Model Number String characteristic */ 
  26:.\Generated_Source\PSoC4/BLE_dis.c ****         0x001Au, /* Handle of the Serial Number String characteristic */ 
  27:.\Generated_Source\PSoC4/BLE_dis.c ****         0x001Cu, /* Handle of the Hardware Revision String characteristic */ 
  28:.\Generated_Source\PSoC4/BLE_dis.c ****         0x001Eu, /* Handle of the Firmware Revision String characteristic */ 
  29:.\Generated_Source\PSoC4/BLE_dis.c ****         0x0020u, /* Handle of the Software Revision String characteristic */ 
  30:.\Generated_Source\PSoC4/BLE_dis.c ****         0x0022u, /* Handle of the System ID characteristic */ 
  31:.\Generated_Source\PSoC4/BLE_dis.c ****         0x0024u, /* Handle of the IEEE 11073-20601 Regulatory Certification Data List characteristi
  32:.\Generated_Source\PSoC4/BLE_dis.c ****         0x0026u, /* Handle of the PnP ID characteristic */ 
  33:.\Generated_Source\PSoC4/BLE_dis.c ****     },
  34:.\Generated_Source\PSoC4/BLE_dis.c **** };
  35:.\Generated_Source\PSoC4/BLE_dis.c **** 
  36:.\Generated_Source\PSoC4/BLE_dis.c **** #endif /* CYBLE_DIS_SERVER */
  37:.\Generated_Source\PSoC4/BLE_dis.c **** 
  38:.\Generated_Source\PSoC4/BLE_dis.c **** #ifdef CYBLE_DIS_CLIENT
  39:.\Generated_Source\PSoC4/BLE_dis.c **** 
  40:.\Generated_Source\PSoC4/BLE_dis.c **** CYBLE_DISC_T cyBle_disc;
  41:.\Generated_Source\PSoC4/BLE_dis.c **** static CYBLE_GATT_DB_ATTR_HANDLE_T cyBle_discReqHandle;
  42:.\Generated_Source\PSoC4/BLE_dis.c **** static CYBLE_CALLBACK_T CyBle_DisApplCallback = NULL;
  43:.\Generated_Source\PSoC4/BLE_dis.c **** 
  44:.\Generated_Source\PSoC4/BLE_dis.c **** #endif /* (CYBLE_DIS_CLIENT) */
  45:.\Generated_Source\PSoC4/BLE_dis.c **** 
  46:.\Generated_Source\PSoC4/BLE_dis.c **** 
  47:.\Generated_Source\PSoC4/BLE_dis.c **** /****************************************************************************** 
  48:.\Generated_Source\PSoC4/BLE_dis.c **** ##Function Name: CyBle_DisInit
  49:.\Generated_Source\PSoC4/BLE_dis.c **** *******************************************************************************
  50:.\Generated_Source\PSoC4/BLE_dis.c **** 
  51:.\Generated_Source\PSoC4/BLE_dis.c **** Summary:
  52:.\Generated_Source\PSoC4/BLE_dis.c ****  This function initializes the DIS service.
  53:.\Generated_Source\PSoC4/BLE_dis.c **** 
  54:.\Generated_Source\PSoC4/BLE_dis.c **** Parameters:
  55:.\Generated_Source\PSoC4/BLE_dis.c ****  None
  56:.\Generated_Source\PSoC4/BLE_dis.c **** 
  57:.\Generated_Source\PSoC4/BLE_dis.c **** Return:
  58:.\Generated_Source\PSoC4/BLE_dis.c ****  None
  59:.\Generated_Source\PSoC4/BLE_dis.c **** 
  60:.\Generated_Source\PSoC4/BLE_dis.c **** ******************************************************************************/
  61:.\Generated_Source\PSoC4/BLE_dis.c **** void CyBle_DisInit(void)
  62:.\Generated_Source\PSoC4/BLE_dis.c **** {
  42              		.loc 1 62 0
  43              		.cfi_startproc
  44 0000 80B5     		push	{r7, lr}
  45              		.cfi_def_cfa_offset 8
  46              		.cfi_offset 7, -8
  47              		.cfi_offset 14, -4
  48 0002 00AF     		add	r7, sp, #0
  49              		.cfi_def_cfa_register 7
  63:.\Generated_Source\PSoC4/BLE_dis.c **** 
  64:.\Generated_Source\PSoC4/BLE_dis.c **** #ifdef CYBLE_DIS_CLIENT
  65:.\Generated_Source\PSoC4/BLE_dis.c **** 
ARM GAS  C:\Users\sunyi\AppData\Local\Temp\cc1DSMyr.s 			page 3


  66:.\Generated_Source\PSoC4/BLE_dis.c ****     (void)memset(&cyBle_disc, 0, sizeof(cyBle_disc));
  67:.\Generated_Source\PSoC4/BLE_dis.c ****     cyBle_discReqHandle = CYBLE_GATT_INVALID_ATTR_HANDLE_VALUE;
  68:.\Generated_Source\PSoC4/BLE_dis.c **** 
  69:.\Generated_Source\PSoC4/BLE_dis.c **** #endif /* CYBLE_DIS_CLIENT */
  70:.\Generated_Source\PSoC4/BLE_dis.c **** 
  71:.\Generated_Source\PSoC4/BLE_dis.c **** }
  50              		.loc 1 71 0
  51 0004 BD46     		mov	sp, r7
  52              		@ sp needed
  53 0006 80BD     		pop	{r7, pc}
  54              		.cfi_endproc
  55              	.LFE2:
  56              		.size	CyBle_DisInit, .-CyBle_DisInit
  57              		.section	.text.CyBle_DisRegisterAttrCallback,"ax",%progbits
  58              		.align	2
  59              		.global	CyBle_DisRegisterAttrCallback
  60              		.code	16
  61              		.thumb_func
  62              		.type	CyBle_DisRegisterAttrCallback, %function
  63              	CyBle_DisRegisterAttrCallback:
  64              	.LFB3:
  72:.\Generated_Source\PSoC4/BLE_dis.c **** 
  73:.\Generated_Source\PSoC4/BLE_dis.c **** 
  74:.\Generated_Source\PSoC4/BLE_dis.c **** /****************************************************************************** 
  75:.\Generated_Source\PSoC4/BLE_dis.c **** ##Function Name: CyBle_DisRegisterAttrCallback
  76:.\Generated_Source\PSoC4/BLE_dis.c **** *******************************************************************************
  77:.\Generated_Source\PSoC4/BLE_dis.c **** 
  78:.\Generated_Source\PSoC4/BLE_dis.c **** Summary:
  79:.\Generated_Source\PSoC4/BLE_dis.c ****  Registers a callback function for service specific attribute operations.
  80:.\Generated_Source\PSoC4/BLE_dis.c ****  Callback doesn't have events in server role.
  81:.\Generated_Source\PSoC4/BLE_dis.c **** 
  82:.\Generated_Source\PSoC4/BLE_dis.c **** Parameters:
  83:.\Generated_Source\PSoC4/BLE_dis.c ****  callbackFunc: An application layer event callback function to receive 
  84:.\Generated_Source\PSoC4/BLE_dis.c ****                    events from the BLE Component. The definition of 
  85:.\Generated_Source\PSoC4/BLE_dis.c ****                    CYBLE_CALLBACK_T for Device Information Service is,
  86:.\Generated_Source\PSoC4/BLE_dis.c ****             
  87:.\Generated_Source\PSoC4/BLE_dis.c ****                    typedef void (* CYBLE_CALLBACK_T) (uint32 eventCode, 
  88:.\Generated_Source\PSoC4/BLE_dis.c ****                                                       void *eventParam)
  89:.\Generated_Source\PSoC4/BLE_dis.c **** 
  90:.\Generated_Source\PSoC4/BLE_dis.c ****                    * eventCode indicates the event that triggered this 
  91:.\Generated_Source\PSoC4/BLE_dis.c ****                      callback.
  92:.\Generated_Source\PSoC4/BLE_dis.c ****                    * eventParam contains the parameters corresponding to the 
  93:.\Generated_Source\PSoC4/BLE_dis.c ****                      current event.
  94:.\Generated_Source\PSoC4/BLE_dis.c **** 
  95:.\Generated_Source\PSoC4/BLE_dis.c **** Return:
  96:.\Generated_Source\PSoC4/BLE_dis.c ****  None
  97:.\Generated_Source\PSoC4/BLE_dis.c **** 
  98:.\Generated_Source\PSoC4/BLE_dis.c **** ******************************************************************************/
  99:.\Generated_Source\PSoC4/BLE_dis.c **** void CyBle_DisRegisterAttrCallback(CYBLE_CALLBACK_T callbackFunc)
 100:.\Generated_Source\PSoC4/BLE_dis.c **** {
  65              		.loc 1 100 0
  66              		.cfi_startproc
  67 0000 80B5     		push	{r7, lr}
  68              		.cfi_def_cfa_offset 8
  69              		.cfi_offset 7, -8
  70              		.cfi_offset 14, -4
  71 0002 82B0     		sub	sp, sp, #8
ARM GAS  C:\Users\sunyi\AppData\Local\Temp\cc1DSMyr.s 			page 4


  72              		.cfi_def_cfa_offset 16
  73 0004 00AF     		add	r7, sp, #0
  74              		.cfi_def_cfa_register 7
  75 0006 7860     		str	r0, [r7, #4]
 101:.\Generated_Source\PSoC4/BLE_dis.c ****     
 102:.\Generated_Source\PSoC4/BLE_dis.c **** #ifdef CYBLE_DIS_CLIENT
 103:.\Generated_Source\PSoC4/BLE_dis.c ****     CyBle_DisApplCallback = callbackFunc;
 104:.\Generated_Source\PSoC4/BLE_dis.c **** #else
 105:.\Generated_Source\PSoC4/BLE_dis.c ****     if(callbackFunc != NULL) /* Callback doesn't have events in server role */
 106:.\Generated_Source\PSoC4/BLE_dis.c ****     {
 107:.\Generated_Source\PSoC4/BLE_dis.c ****     }
 108:.\Generated_Source\PSoC4/BLE_dis.c **** #endif /* CYBLE_DIS_CLIENT */
 109:.\Generated_Source\PSoC4/BLE_dis.c ****     
 110:.\Generated_Source\PSoC4/BLE_dis.c **** }
  76              		.loc 1 110 0
  77 0008 BD46     		mov	sp, r7
  78 000a 02B0     		add	sp, sp, #8
  79              		@ sp needed
  80 000c 80BD     		pop	{r7, pc}
  81              		.cfi_endproc
  82              	.LFE3:
  83              		.size	CyBle_DisRegisterAttrCallback, .-CyBle_DisRegisterAttrCallback
  84 000e C046     		.section	.text.CyBle_DissSetCharacteristicValue,"ax",%progbits
  85              		.align	2
  86              		.global	CyBle_DissSetCharacteristicValue
  87              		.code	16
  88              		.thumb_func
  89              		.type	CyBle_DissSetCharacteristicValue, %function
  90              	CyBle_DissSetCharacteristicValue:
  91              	.LFB4:
 111:.\Generated_Source\PSoC4/BLE_dis.c **** 
 112:.\Generated_Source\PSoC4/BLE_dis.c **** #ifdef CYBLE_DIS_SERVER
 113:.\Generated_Source\PSoC4/BLE_dis.c **** 
 114:.\Generated_Source\PSoC4/BLE_dis.c **** 
 115:.\Generated_Source\PSoC4/BLE_dis.c **** /******************************************************************************
 116:.\Generated_Source\PSoC4/BLE_dis.c **** ##Function Name: CyBle_DissSetCharacteristicValue
 117:.\Generated_Source\PSoC4/BLE_dis.c **** *******************************************************************************
 118:.\Generated_Source\PSoC4/BLE_dis.c **** 
 119:.\Generated_Source\PSoC4/BLE_dis.c **** Summary:
 120:.\Generated_Source\PSoC4/BLE_dis.c ****  Sets a characteristic value of the service, which is identified by charIndex,
 121:.\Generated_Source\PSoC4/BLE_dis.c ****  to the local database.
 122:.\Generated_Source\PSoC4/BLE_dis.c **** 
 123:.\Generated_Source\PSoC4/BLE_dis.c **** 
 124:.\Generated_Source\PSoC4/BLE_dis.c **** Parameters:
 125:.\Generated_Source\PSoC4/BLE_dis.c ****  charIndex: The index of a service characteristic.
 126:.\Generated_Source\PSoC4/BLE_dis.c ****  attrSize: The size of the characteristic value attribute.
 127:.\Generated_Source\PSoC4/BLE_dis.c ****  *attrValue: The pointer to the characteristic value data that should be
 128:.\Generated_Source\PSoC4/BLE_dis.c ****                   stored to the GATT database.
 129:.\Generated_Source\PSoC4/BLE_dis.c **** 
 130:.\Generated_Source\PSoC4/BLE_dis.c **** Return:
 131:.\Generated_Source\PSoC4/BLE_dis.c ****  Return value is of type CYBLE_API_RESULT_T.
 132:.\Generated_Source\PSoC4/BLE_dis.c ****  * CYBLE_ERROR_OK - The request handled successfully
 133:.\Generated_Source\PSoC4/BLE_dis.c ****  * CYBLE_ERROR_INVALID_PARAMETER - Validation of the input parameter failed
 134:.\Generated_Source\PSoC4/BLE_dis.c **** 
 135:.\Generated_Source\PSoC4/BLE_dis.c **** ******************************************************************************/
 136:.\Generated_Source\PSoC4/BLE_dis.c **** CYBLE_API_RESULT_T CyBle_DissSetCharacteristicValue(CYBLE_DIS_CHAR_INDEX_T charIndex, uint8 attrSiz
 137:.\Generated_Source\PSoC4/BLE_dis.c **** {
ARM GAS  C:\Users\sunyi\AppData\Local\Temp\cc1DSMyr.s 			page 5


  92              		.loc 1 137 0
  93              		.cfi_startproc
  94 0000 80B5     		push	{r7, lr}
  95              		.cfi_def_cfa_offset 8
  96              		.cfi_offset 7, -8
  97              		.cfi_offset 14, -4
  98 0002 86B0     		sub	sp, sp, #24
  99              		.cfi_def_cfa_offset 32
 100 0004 00AF     		add	r7, sp, #0
 101              		.cfi_def_cfa_register 7
 102 0006 3A60     		str	r2, [r7]
 103 0008 FB1D     		add	r3, r7, #7
 104 000a 021C     		add	r2, r0, #0
 105 000c 1A70     		strb	r2, [r3]
 106 000e BB1D     		add	r3, r7, #6
 107 0010 0A1C     		add	r2, r1, #0
 108 0012 1A70     		strb	r2, [r3]
 138:.\Generated_Source\PSoC4/BLE_dis.c ****     CYBLE_API_RESULT_T apiResult = CYBLE_ERROR_OK;
 109              		.loc 1 138 0
 110 0014 1623     		mov	r3, #22
 111 0016 FB18     		add	r3, r7, r3
 112 0018 0022     		mov	r2, #0
 113 001a 1A80     		strh	r2, [r3]
 139:.\Generated_Source\PSoC4/BLE_dis.c ****     CYBLE_GATT_HANDLE_VALUE_PAIR_T locHandleValuePair;
 140:.\Generated_Source\PSoC4/BLE_dis.c **** 
 141:.\Generated_Source\PSoC4/BLE_dis.c ****     if(charIndex >= CYBLE_DIS_CHAR_COUNT)
 114              		.loc 1 141 0
 115 001c FB1D     		add	r3, r7, #7
 116 001e 1B78     		ldrb	r3, [r3]
 117 0020 082B     		cmp	r3, #8
 118 0022 04D9     		bls	.L4
 142:.\Generated_Source\PSoC4/BLE_dis.c ****     {
 143:.\Generated_Source\PSoC4/BLE_dis.c ****         apiResult = CYBLE_ERROR_INVALID_PARAMETER;
 119              		.loc 1 143 0
 120 0024 1623     		mov	r3, #22
 121 0026 FB18     		add	r3, r7, r3
 122 0028 0122     		mov	r2, #1
 123 002a 1A80     		strh	r2, [r3]
 124 002c 20E0     		b	.L5
 125              	.L4:
 144:.\Generated_Source\PSoC4/BLE_dis.c ****     }
 145:.\Generated_Source\PSoC4/BLE_dis.c ****     else
 146:.\Generated_Source\PSoC4/BLE_dis.c ****     {
 147:.\Generated_Source\PSoC4/BLE_dis.c ****         /* Store data in database */
 148:.\Generated_Source\PSoC4/BLE_dis.c ****         locHandleValuePair.attrHandle = cyBle_diss.charHandle[charIndex];
 126              		.loc 1 148 0
 127 002e FB1D     		add	r3, r7, #7
 128 0030 1B78     		ldrb	r3, [r3]
 129 0032 134A     		ldr	r2, .L7
 130 0034 5B00     		lsl	r3, r3, #1
 131 0036 D318     		add	r3, r2, r3
 132 0038 5A88     		ldrh	r2, [r3, #2]
 133 003a 0823     		mov	r3, #8
 134 003c FB18     		add	r3, r7, r3
 135 003e 1A81     		strh	r2, [r3, #8]
 149:.\Generated_Source\PSoC4/BLE_dis.c ****         locHandleValuePair.value.len = attrSize;
 136              		.loc 1 149 0
ARM GAS  C:\Users\sunyi\AppData\Local\Temp\cc1DSMyr.s 			page 6


 137 0040 BB1D     		add	r3, r7, #6
 138 0042 1B78     		ldrb	r3, [r3]
 139 0044 9AB2     		uxth	r2, r3
 140 0046 0823     		mov	r3, #8
 141 0048 FB18     		add	r3, r7, r3
 142 004a 9A80     		strh	r2, [r3, #4]
 150:.\Generated_Source\PSoC4/BLE_dis.c ****         locHandleValuePair.value.val = attrValue;
 143              		.loc 1 150 0
 144 004c 0823     		mov	r3, #8
 145 004e FB18     		add	r3, r7, r3
 146 0050 3A68     		ldr	r2, [r7]
 147 0052 1A60     		str	r2, [r3]
 151:.\Generated_Source\PSoC4/BLE_dis.c ****         if(CYBLE_GATT_ERR_NONE !=
 152:.\Generated_Source\PSoC4/BLE_dis.c ****             CyBle_GattsWriteAttributeValue(&locHandleValuePair, 0u, NULL, CYBLE_GATT_DB_LOCALLY_INI
 148              		.loc 1 152 0
 149 0054 0823     		mov	r3, #8
 150 0056 FB18     		add	r3, r7, r3
 151 0058 181C     		mov	r0, r3
 152 005a 0021     		mov	r1, #0
 153 005c 0022     		mov	r2, #0
 154 005e 0023     		mov	r3, #0
 155 0060 FFF7FEFF 		bl	CyBle_GattsWriteAttributeValue
 156 0064 031E     		sub	r3, r0, #0
 151:.\Generated_Source\PSoC4/BLE_dis.c ****         if(CYBLE_GATT_ERR_NONE !=
 157              		.loc 1 151 0
 158 0066 03D0     		beq	.L5
 153:.\Generated_Source\PSoC4/BLE_dis.c ****         {
 154:.\Generated_Source\PSoC4/BLE_dis.c ****             apiResult = CYBLE_ERROR_INVALID_PARAMETER;
 159              		.loc 1 154 0
 160 0068 1623     		mov	r3, #22
 161 006a FB18     		add	r3, r7, r3
 162 006c 0122     		mov	r2, #1
 163 006e 1A80     		strh	r2, [r3]
 164              	.L5:
 155:.\Generated_Source\PSoC4/BLE_dis.c ****         }
 156:.\Generated_Source\PSoC4/BLE_dis.c ****     }
 157:.\Generated_Source\PSoC4/BLE_dis.c ****     return (apiResult);
 165              		.loc 1 157 0
 166 0070 1623     		mov	r3, #22
 167 0072 FB18     		add	r3, r7, r3
 168 0074 1B88     		ldrh	r3, [r3]
 158:.\Generated_Source\PSoC4/BLE_dis.c **** }
 169              		.loc 1 158 0
 170 0076 181C     		mov	r0, r3
 171 0078 BD46     		mov	sp, r7
 172 007a 06B0     		add	sp, sp, #24
 173              		@ sp needed
 174 007c 80BD     		pop	{r7, pc}
 175              	.L8:
 176 007e C046     		.align	2
 177              	.L7:
 178 0080 00000000 		.word	cyBle_diss
 179              		.cfi_endproc
 180              	.LFE4:
 181              		.size	CyBle_DissSetCharacteristicValue, .-CyBle_DissSetCharacteristicValue
 182              		.section	.text.CyBle_DissGetCharacteristicValue,"ax",%progbits
 183              		.align	2
ARM GAS  C:\Users\sunyi\AppData\Local\Temp\cc1DSMyr.s 			page 7


 184              		.global	CyBle_DissGetCharacteristicValue
 185              		.code	16
 186              		.thumb_func
 187              		.type	CyBle_DissGetCharacteristicValue, %function
 188              	CyBle_DissGetCharacteristicValue:
 189              	.LFB5:
 159:.\Generated_Source\PSoC4/BLE_dis.c **** 
 160:.\Generated_Source\PSoC4/BLE_dis.c **** 
 161:.\Generated_Source\PSoC4/BLE_dis.c **** /******************************************************************************
 162:.\Generated_Source\PSoC4/BLE_dis.c **** ##Function Name: CyBle_DissGetCharacteristicValue
 163:.\Generated_Source\PSoC4/BLE_dis.c **** *******************************************************************************
 164:.\Generated_Source\PSoC4/BLE_dis.c **** 
 165:.\Generated_Source\PSoC4/BLE_dis.c **** Summary:
 166:.\Generated_Source\PSoC4/BLE_dis.c ****  Gets a characteristic value of the service, which is identified by charIndex,
 167:.\Generated_Source\PSoC4/BLE_dis.c ****  from the GATT database.
 168:.\Generated_Source\PSoC4/BLE_dis.c **** 
 169:.\Generated_Source\PSoC4/BLE_dis.c **** Parameters:
 170:.\Generated_Source\PSoC4/BLE_dis.c ****  charIndex: The index of a service characteristic.
 171:.\Generated_Source\PSoC4/BLE_dis.c ****  attrSize: The size of the characteristic value attribute.
 172:.\Generated_Source\PSoC4/BLE_dis.c ****  *attrValue: The pointer to the location where characteristic value data
 173:.\Generated_Source\PSoC4/BLE_dis.c ****               should be stored.
 174:.\Generated_Source\PSoC4/BLE_dis.c **** 
 175:.\Generated_Source\PSoC4/BLE_dis.c **** Return:
 176:.\Generated_Source\PSoC4/BLE_dis.c ****  Return value is of type CYBLE_API_RESULT_T.
 177:.\Generated_Source\PSoC4/BLE_dis.c ****  Return value is of type CYBLE_API_RESULT_T.
 178:.\Generated_Source\PSoC4/BLE_dis.c ****  * CYBLE_ERROR_OK - The request handled successfully
 179:.\Generated_Source\PSoC4/BLE_dis.c ****  * CYBLE_ERROR_INVALID_PARAMETER - Validation of the input parameter failed
 180:.\Generated_Source\PSoC4/BLE_dis.c **** 
 181:.\Generated_Source\PSoC4/BLE_dis.c **** ******************************************************************************/
 182:.\Generated_Source\PSoC4/BLE_dis.c **** CYBLE_API_RESULT_T CyBle_DissGetCharacteristicValue(CYBLE_DIS_CHAR_INDEX_T charIndex, uint8 attrSiz
 183:.\Generated_Source\PSoC4/BLE_dis.c **** {
 190              		.loc 1 183 0
 191              		.cfi_startproc
 192 0000 80B5     		push	{r7, lr}
 193              		.cfi_def_cfa_offset 8
 194              		.cfi_offset 7, -8
 195              		.cfi_offset 14, -4
 196 0002 86B0     		sub	sp, sp, #24
 197              		.cfi_def_cfa_offset 32
 198 0004 00AF     		add	r7, sp, #0
 199              		.cfi_def_cfa_register 7
 200 0006 3A60     		str	r2, [r7]
 201 0008 FB1D     		add	r3, r7, #7
 202 000a 021C     		add	r2, r0, #0
 203 000c 1A70     		strb	r2, [r3]
 204 000e BB1D     		add	r3, r7, #6
 205 0010 0A1C     		add	r2, r1, #0
 206 0012 1A70     		strb	r2, [r3]
 184:.\Generated_Source\PSoC4/BLE_dis.c ****     CYBLE_API_RESULT_T apiResult = CYBLE_ERROR_OK;
 207              		.loc 1 184 0
 208 0014 1623     		mov	r3, #22
 209 0016 FB18     		add	r3, r7, r3
 210 0018 0022     		mov	r2, #0
 211 001a 1A80     		strh	r2, [r3]
 185:.\Generated_Source\PSoC4/BLE_dis.c ****     CYBLE_GATT_HANDLE_VALUE_PAIR_T locHandleValuePair;
 186:.\Generated_Source\PSoC4/BLE_dis.c **** 
 187:.\Generated_Source\PSoC4/BLE_dis.c ****     if(charIndex >= CYBLE_DIS_CHAR_COUNT)
ARM GAS  C:\Users\sunyi\AppData\Local\Temp\cc1DSMyr.s 			page 8


 212              		.loc 1 187 0
 213 001c FB1D     		add	r3, r7, #7
 214 001e 1B78     		ldrb	r3, [r3]
 215 0020 082B     		cmp	r3, #8
 216 0022 04D9     		bls	.L10
 188:.\Generated_Source\PSoC4/BLE_dis.c ****     {
 189:.\Generated_Source\PSoC4/BLE_dis.c ****         apiResult = CYBLE_ERROR_INVALID_PARAMETER;
 217              		.loc 1 189 0
 218 0024 1623     		mov	r3, #22
 219 0026 FB18     		add	r3, r7, r3
 220 0028 0122     		mov	r2, #1
 221 002a 1A80     		strh	r2, [r3]
 222 002c 1FE0     		b	.L11
 223              	.L10:
 190:.\Generated_Source\PSoC4/BLE_dis.c ****     }
 191:.\Generated_Source\PSoC4/BLE_dis.c ****     else
 192:.\Generated_Source\PSoC4/BLE_dis.c ****     {
 193:.\Generated_Source\PSoC4/BLE_dis.c ****         /* Read characteristic value from database */
 194:.\Generated_Source\PSoC4/BLE_dis.c ****         locHandleValuePair.attrHandle = cyBle_diss.charHandle[charIndex];
 224              		.loc 1 194 0
 225 002e FB1D     		add	r3, r7, #7
 226 0030 1B78     		ldrb	r3, [r3]
 227 0032 124A     		ldr	r2, .L13
 228 0034 5B00     		lsl	r3, r3, #1
 229 0036 D318     		add	r3, r2, r3
 230 0038 5A88     		ldrh	r2, [r3, #2]
 231 003a 0823     		mov	r3, #8
 232 003c FB18     		add	r3, r7, r3
 233 003e 1A81     		strh	r2, [r3, #8]
 195:.\Generated_Source\PSoC4/BLE_dis.c ****         locHandleValuePair.value.len = attrSize;
 234              		.loc 1 195 0
 235 0040 BB1D     		add	r3, r7, #6
 236 0042 1B78     		ldrb	r3, [r3]
 237 0044 9AB2     		uxth	r2, r3
 238 0046 0823     		mov	r3, #8
 239 0048 FB18     		add	r3, r7, r3
 240 004a 9A80     		strh	r2, [r3, #4]
 196:.\Generated_Source\PSoC4/BLE_dis.c ****         locHandleValuePair.value.val = attrValue;
 241              		.loc 1 196 0
 242 004c 0823     		mov	r3, #8
 243 004e FB18     		add	r3, r7, r3
 244 0050 3A68     		ldr	r2, [r7]
 245 0052 1A60     		str	r2, [r3]
 197:.\Generated_Source\PSoC4/BLE_dis.c ****         if(CYBLE_GATT_ERR_NONE !=
 198:.\Generated_Source\PSoC4/BLE_dis.c ****             CyBle_GattsReadAttributeValue(&locHandleValuePair, NULL, CYBLE_GATT_DB_LOCALLY_INITIATE
 246              		.loc 1 198 0
 247 0054 0823     		mov	r3, #8
 248 0056 FB18     		add	r3, r7, r3
 249 0058 181C     		mov	r0, r3
 250 005a 0021     		mov	r1, #0
 251 005c 0022     		mov	r2, #0
 252 005e FFF7FEFF 		bl	CyBle_GattsReadAttributeValue
 253 0062 031E     		sub	r3, r0, #0
 197:.\Generated_Source\PSoC4/BLE_dis.c ****         if(CYBLE_GATT_ERR_NONE !=
 254              		.loc 1 197 0
 255 0064 03D0     		beq	.L11
 199:.\Generated_Source\PSoC4/BLE_dis.c ****         {
ARM GAS  C:\Users\sunyi\AppData\Local\Temp\cc1DSMyr.s 			page 9


 200:.\Generated_Source\PSoC4/BLE_dis.c ****             apiResult = CYBLE_ERROR_INVALID_PARAMETER;
 256              		.loc 1 200 0
 257 0066 1623     		mov	r3, #22
 258 0068 FB18     		add	r3, r7, r3
 259 006a 0122     		mov	r2, #1
 260 006c 1A80     		strh	r2, [r3]
 261              	.L11:
 201:.\Generated_Source\PSoC4/BLE_dis.c ****         }
 202:.\Generated_Source\PSoC4/BLE_dis.c ****     }
 203:.\Generated_Source\PSoC4/BLE_dis.c ****     return (apiResult);
 262              		.loc 1 203 0
 263 006e 1623     		mov	r3, #22
 264 0070 FB18     		add	r3, r7, r3
 265 0072 1B88     		ldrh	r3, [r3]
 204:.\Generated_Source\PSoC4/BLE_dis.c **** }
 266              		.loc 1 204 0
 267 0074 181C     		mov	r0, r3
 268 0076 BD46     		mov	sp, r7
 269 0078 06B0     		add	sp, sp, #24
 270              		@ sp needed
 271 007a 80BD     		pop	{r7, pc}
 272              	.L14:
 273              		.align	2
 274              	.L13:
 275 007c 00000000 		.word	cyBle_diss
 276              		.cfi_endproc
 277              	.LFE5:
 278              		.size	CyBle_DissGetCharacteristicValue, .-CyBle_DissGetCharacteristicValue
 279              		.text
 280              	.Letext0:
 281              		.file 2 ".\\Generated_Source\\PSoC4\\cytypes.h"
 282              		.file 3 ".\\Generated_Source\\PSoC4\\BLE_Stack.h"
 283              		.file 4 ".\\Generated_Source\\PSoC4\\BLE_StackGatt.h"
 284              		.file 5 ".\\Generated_Source\\PSoC4\\BLE.h"
 285              		.file 6 ".\\Generated_Source\\PSoC4\\BLE_dis.h"
 286              		.file 7 ".\\Generated_Source\\PSoC4\\BLE_hrs.h"
 287              		.section	.debug_info,"",%progbits
 288              	.Ldebug_info0:
 289 0000 1F060000 		.4byte	0x61f
 290 0004 0400     		.2byte	0x4
 291 0006 00000000 		.4byte	.Ldebug_abbrev0
 292 000a 04       		.byte	0x4
 293 000b 01       		.uleb128 0x1
 294 000c 80110000 		.4byte	.LASF167
 295 0010 01       		.byte	0x1
 296 0011 A80B0000 		.4byte	.LASF168
 297 0015 3E010000 		.4byte	.LASF169
 298 0019 00000000 		.4byte	.Ldebug_ranges0+0
 299 001d 00000000 		.4byte	0
 300 0021 00000000 		.4byte	.Ldebug_line0
 301 0025 02       		.uleb128 0x2
 302 0026 01       		.byte	0x1
 303 0027 06       		.byte	0x6
 304 0028 2A030000 		.4byte	.LASF0
 305 002c 02       		.uleb128 0x2
 306 002d 01       		.byte	0x1
 307 002e 08       		.byte	0x8
ARM GAS  C:\Users\sunyi\AppData\Local\Temp\cc1DSMyr.s 			page 10


 308 002f 4E0C0000 		.4byte	.LASF1
 309 0033 02       		.uleb128 0x2
 310 0034 02       		.byte	0x2
 311 0035 05       		.byte	0x5
 312 0036 DF080000 		.4byte	.LASF2
 313 003a 02       		.uleb128 0x2
 314 003b 02       		.byte	0x2
 315 003c 07       		.byte	0x7
 316 003d E30F0000 		.4byte	.LASF3
 317 0041 02       		.uleb128 0x2
 318 0042 04       		.byte	0x4
 319 0043 05       		.byte	0x5
 320 0044 E4010000 		.4byte	.LASF4
 321 0048 02       		.uleb128 0x2
 322 0049 04       		.byte	0x4
 323 004a 07       		.byte	0x7
 324 004b 0B070000 		.4byte	.LASF5
 325 004f 02       		.uleb128 0x2
 326 0050 08       		.byte	0x8
 327 0051 05       		.byte	0x5
 328 0052 1C030000 		.4byte	.LASF6
 329 0056 02       		.uleb128 0x2
 330 0057 08       		.byte	0x8
 331 0058 07       		.byte	0x7
 332 0059 06060000 		.4byte	.LASF7
 333 005d 03       		.uleb128 0x3
 334 005e 04       		.byte	0x4
 335 005f 05       		.byte	0x5
 336 0060 696E7400 		.ascii	"int\000"
 337 0064 02       		.uleb128 0x2
 338 0065 04       		.byte	0x4
 339 0066 07       		.byte	0x7
 340 0067 B90E0000 		.4byte	.LASF8
 341 006b 04       		.uleb128 0x4
 342 006c 86040000 		.4byte	.LASF9
 343 0070 02       		.byte	0x2
 344 0071 B3       		.byte	0xb3
 345 0072 2C000000 		.4byte	0x2c
 346 0076 04       		.uleb128 0x4
 347 0077 3F000000 		.4byte	.LASF10
 348 007b 02       		.byte	0x2
 349 007c B4       		.byte	0xb4
 350 007d 3A000000 		.4byte	0x3a
 351 0081 04       		.uleb128 0x4
 352 0082 0D050000 		.4byte	.LASF11
 353 0086 02       		.byte	0x2
 354 0087 B5       		.byte	0xb5
 355 0088 48000000 		.4byte	0x48
 356 008c 02       		.uleb128 0x2
 357 008d 04       		.byte	0x4
 358 008e 04       		.byte	0x4
 359 008f A20B0000 		.4byte	.LASF12
 360 0093 02       		.uleb128 0x2
 361 0094 08       		.byte	0x8
 362 0095 04       		.byte	0x4
 363 0096 AB040000 		.4byte	.LASF13
 364 009a 02       		.uleb128 0x2
ARM GAS  C:\Users\sunyi\AppData\Local\Temp\cc1DSMyr.s 			page 11


 365 009b 01       		.byte	0x1
 366 009c 08       		.byte	0x8
 367 009d 5B0E0000 		.4byte	.LASF14
 368 00a1 02       		.uleb128 0x2
 369 00a2 04       		.byte	0x4
 370 00a3 07       		.byte	0x7
 371 00a4 120A0000 		.4byte	.LASF15
 372 00a8 05       		.uleb128 0x5
 373 00a9 04       		.byte	0x4
 374 00aa 06       		.uleb128 0x6
 375 00ab 01       		.byte	0x1
 376 00ac 03       		.byte	0x3
 377 00ad 7A       		.byte	0x7a
 378 00ae 2F020000 		.4byte	0x22f
 379 00b2 07       		.uleb128 0x7
 380 00b3 05080000 		.4byte	.LASF16
 381 00b7 00       		.sleb128 0
 382 00b8 07       		.uleb128 0x7
 383 00b9 36030000 		.4byte	.LASF17
 384 00bd 01       		.sleb128 1
 385 00be 07       		.uleb128 0x7
 386 00bf D2010000 		.4byte	.LASF18
 387 00c3 02       		.sleb128 2
 388 00c4 07       		.uleb128 0x7
 389 00c5 CA0F0000 		.4byte	.LASF19
 390 00c9 03       		.sleb128 3
 391 00ca 07       		.uleb128 0x7
 392 00cb 25020000 		.4byte	.LASF20
 393 00cf 04       		.sleb128 4
 394 00d0 07       		.uleb128 0x7
 395 00d1 23000000 		.4byte	.LASF21
 396 00d5 05       		.sleb128 5
 397 00d6 07       		.uleb128 0x7
 398 00d7 8B090000 		.4byte	.LASF22
 399 00db 20       		.sleb128 32
 400 00dc 07       		.uleb128 0x7
 401 00dd AE030000 		.4byte	.LASF23
 402 00e1 21       		.sleb128 33
 403 00e2 07       		.uleb128 0x7
 404 00e3 DF100000 		.4byte	.LASF24
 405 00e7 22       		.sleb128 34
 406 00e8 07       		.uleb128 0x7
 407 00e9 E9080000 		.4byte	.LASF25
 408 00ed 23       		.sleb128 35
 409 00ee 07       		.uleb128 0x7
 410 00ef B30A0000 		.4byte	.LASF26
 411 00f3 24       		.sleb128 36
 412 00f4 07       		.uleb128 0x7
 413 00f5 400A0000 		.4byte	.LASF27
 414 00f9 25       		.sleb128 37
 415 00fa 07       		.uleb128 0x7
 416 00fb 3B040000 		.4byte	.LASF28
 417 00ff 26       		.sleb128 38
 418 0100 07       		.uleb128 0x7
 419 0101 84080000 		.4byte	.LASF29
 420 0105 27       		.sleb128 39
 421 0106 07       		.uleb128 0x7
ARM GAS  C:\Users\sunyi\AppData\Local\Temp\cc1DSMyr.s 			page 12


 422 0107 970E0000 		.4byte	.LASF30
 423 010b 28       		.sleb128 40
 424 010c 07       		.uleb128 0x7
 425 010d AF020000 		.4byte	.LASF31
 426 0111 29       		.sleb128 41
 427 0112 07       		.uleb128 0x7
 428 0113 F4000000 		.4byte	.LASF32
 429 0117 2A       		.sleb128 42
 430 0118 07       		.uleb128 0x7
 431 0119 5B020000 		.4byte	.LASF33
 432 011d 2B       		.sleb128 43
 433 011e 07       		.uleb128 0x7
 434 011f 42120000 		.4byte	.LASF34
 435 0123 2C       		.sleb128 44
 436 0124 07       		.uleb128 0x7
 437 0125 F60F0000 		.4byte	.LASF35
 438 0129 C000     		.sleb128 64
 439 012b 07       		.uleb128 0x7
 440 012c 1D090000 		.4byte	.LASF36
 441 0130 C100     		.sleb128 65
 442 0132 07       		.uleb128 0x7
 443 0133 A4050000 		.4byte	.LASF37
 444 0137 C200     		.sleb128 66
 445 0139 07       		.uleb128 0x7
 446 013a 94100000 		.4byte	.LASF38
 447 013e C300     		.sleb128 67
 448 0140 07       		.uleb128 0x7
 449 0141 5A070000 		.4byte	.LASF39
 450 0145 C400     		.sleb128 68
 451 0147 07       		.uleb128 0x7
 452 0148 7B0B0000 		.4byte	.LASF40
 453 014c C500     		.sleb128 69
 454 014e 07       		.uleb128 0x7
 455 014f F1090000 		.4byte	.LASF41
 456 0153 C600     		.sleb128 70
 457 0155 07       		.uleb128 0x7
 458 0156 1C080000 		.4byte	.LASF42
 459 015a C700     		.sleb128 71
 460 015c 07       		.uleb128 0x7
 461 015d 0E120000 		.4byte	.LASF43
 462 0161 C800     		.sleb128 72
 463 0163 07       		.uleb128 0x7
 464 0164 46000000 		.4byte	.LASF44
 465 0168 C900     		.sleb128 73
 466 016a 07       		.uleb128 0x7
 467 016b 03110000 		.4byte	.LASF45
 468 016f CA00     		.sleb128 74
 469 0171 07       		.uleb128 0x7
 470 0172 7B010000 		.4byte	.LASF46
 471 0176 CB00     		.sleb128 75
 472 0178 07       		.uleb128 0x7
 473 0179 40070000 		.4byte	.LASF47
 474 017d CC00     		.sleb128 76
 475 017f 07       		.uleb128 0x7
 476 0180 EF0E0000 		.4byte	.LASF48
 477 0184 CD00     		.sleb128 77
 478 0186 07       		.uleb128 0x7
ARM GAS  C:\Users\sunyi\AppData\Local\Temp\cc1DSMyr.s 			page 13


 479 0187 1D040000 		.4byte	.LASF49
 480 018b CE00     		.sleb128 78
 481 018d 07       		.uleb128 0x7
 482 018e A30D0000 		.4byte	.LASF50
 483 0192 CF00     		.sleb128 79
 484 0194 07       		.uleb128 0x7
 485 0195 9A010000 		.4byte	.LASF51
 486 0199 D000     		.sleb128 80
 487 019b 07       		.uleb128 0x7
 488 019c 8C040000 		.4byte	.LASF52
 489 01a0 D100     		.sleb128 81
 490 01a2 07       		.uleb128 0x7
 491 01a3 EC0A0000 		.4byte	.LASF53
 492 01a7 D200     		.sleb128 82
 493 01a9 07       		.uleb128 0x7
 494 01aa 0D0D0000 		.4byte	.LASF54
 495 01ae D300     		.sleb128 83
 496 01b0 07       		.uleb128 0x7
 497 01b1 CC0D0000 		.4byte	.LASF55
 498 01b5 D400     		.sleb128 84
 499 01b7 07       		.uleb128 0x7
 500 01b8 78070000 		.4byte	.LASF56
 501 01bc D500     		.sleb128 85
 502 01be 07       		.uleb128 0x7
 503 01bf 23060000 		.4byte	.LASF57
 504 01c3 D600     		.sleb128 86
 505 01c5 07       		.uleb128 0x7
 506 01c6 C60E0000 		.4byte	.LASF58
 507 01ca D700     		.sleb128 87
 508 01cc 07       		.uleb128 0x7
 509 01cd 5C050000 		.4byte	.LASF59
 510 01d1 F000     		.sleb128 112
 511 01d3 07       		.uleb128 0x7
 512 01d4 9A120000 		.4byte	.LASF60
 513 01d8 F100     		.sleb128 113
 514 01da 07       		.uleb128 0x7
 515 01db 38090000 		.4byte	.LASF61
 516 01df F200     		.sleb128 114
 517 01e1 07       		.uleb128 0x7
 518 01e2 D3090000 		.4byte	.LASF62
 519 01e6 F300     		.sleb128 115
 520 01e8 07       		.uleb128 0x7
 521 01e9 5D0B0000 		.4byte	.LASF63
 522 01ed F400     		.sleb128 116
 523 01ef 07       		.uleb128 0x7
 524 01f0 79120000 		.4byte	.LASF64
 525 01f4 F500     		.sleb128 117
 526 01f6 07       		.uleb128 0x7
 527 01f7 1D010000 		.4byte	.LASF65
 528 01fb F600     		.sleb128 118
 529 01fd 07       		.uleb128 0x7
 530 01fe 5F000000 		.4byte	.LASF66
 531 0202 F700     		.sleb128 119
 532 0204 07       		.uleb128 0x7
 533 0205 00000000 		.4byte	.LASF67
 534 0209 F800     		.sleb128 120
 535 020b 07       		.uleb128 0x7
ARM GAS  C:\Users\sunyi\AppData\Local\Temp\cc1DSMyr.s 			page 14


 536 020c 090F0000 		.4byte	.LASF68
 537 0210 F900     		.sleb128 121
 538 0212 07       		.uleb128 0x7
 539 0213 C2050000 		.4byte	.LASF69
 540 0217 FA00     		.sleb128 122
 541 0219 07       		.uleb128 0x7
 542 021a 7A020000 		.4byte	.LASF70
 543 021e FA01     		.sleb128 250
 544 0220 07       		.uleb128 0x7
 545 0221 7A060000 		.4byte	.LASF71
 546 0225 FB01     		.sleb128 251
 547 0227 07       		.uleb128 0x7
 548 0228 2B050000 		.4byte	.LASF72
 549 022c FF01     		.sleb128 255
 550 022e 00       		.byte	0
 551 022f 08       		.uleb128 0x8
 552 0230 02       		.byte	0x2
 553 0231 03       		.byte	0x3
 554 0232 D201     		.2byte	0x1d2
 555 0234 E6020000 		.4byte	0x2e6
 556 0238 07       		.uleb128 0x7
 557 0239 39050000 		.4byte	.LASF73
 558 023d 00       		.sleb128 0
 559 023e 07       		.uleb128 0x7
 560 023f B2040000 		.4byte	.LASF74
 561 0243 01       		.sleb128 1
 562 0244 07       		.uleb128 0x7
 563 0245 10100000 		.4byte	.LASF75
 564 0249 02       		.sleb128 2
 565 024a 07       		.uleb128 0x7
 566 024b 7E000000 		.4byte	.LASF76
 567 024f 03       		.sleb128 3
 568 0250 07       		.uleb128 0x7
 569 0251 BC100000 		.4byte	.LASF77
 570 0255 04       		.sleb128 4
 571 0256 07       		.uleb128 0x7
 572 0257 5C060000 		.4byte	.LASF78
 573 025b 05       		.sleb128 5
 574 025c 07       		.uleb128 0x7
 575 025d 2E0D0000 		.4byte	.LASF79
 576 0261 06       		.sleb128 6
 577 0262 07       		.uleb128 0x7
 578 0263 87030000 		.4byte	.LASF80
 579 0267 07       		.sleb128 7
 580 0268 07       		.uleb128 0x7
 581 0269 0D130000 		.4byte	.LASF81
 582 026d 08       		.sleb128 8
 583 026e 07       		.uleb128 0x7
 584 026f E6050000 		.4byte	.LASF82
 585 0273 09       		.sleb128 9
 586 0274 07       		.uleb128 0x7
 587 0275 0B0C0000 		.4byte	.LASF83
 588 0279 0A       		.sleb128 10
 589 027a 07       		.uleb128 0x7
 590 027b 770E0000 		.4byte	.LASF84
 591 027f 0B       		.sleb128 11
 592 0280 07       		.uleb128 0x7
ARM GAS  C:\Users\sunyi\AppData\Local\Temp\cc1DSMyr.s 			page 15


 593 0281 98020000 		.4byte	.LASF85
 594 0285 0C       		.sleb128 12
 595 0286 07       		.uleb128 0x7
 596 0287 ED010000 		.4byte	.LASF86
 597 028b 0D       		.sleb128 13
 598 028c 07       		.uleb128 0x7
 599 028d E2060000 		.4byte	.LASF87
 600 0291 0E       		.sleb128 14
 601 0292 07       		.uleb128 0x7
 602 0293 5B110000 		.4byte	.LASF88
 603 0297 0F       		.sleb128 15
 604 0298 07       		.uleb128 0x7
 605 0299 6F0F0000 		.4byte	.LASF89
 606 029d 10       		.sleb128 16
 607 029e 07       		.uleb128 0x7
 608 029f 9C070000 		.4byte	.LASF90
 609 02a3 11       		.sleb128 17
 610 02a4 07       		.uleb128 0x7
 611 02a5 63040000 		.4byte	.LASF91
 612 02a9 12       		.sleb128 18
 613 02aa 07       		.uleb128 0x7
 614 02ab E5120000 		.4byte	.LASF92
 615 02af 13       		.sleb128 19
 616 02b0 07       		.uleb128 0x7
 617 02b1 65030000 		.4byte	.LASF93
 618 02b5 27       		.sleb128 39
 619 02b6 07       		.uleb128 0x7
 620 02b7 4A0F0000 		.4byte	.LASF94
 621 02bb 28       		.sleb128 40
 622 02bc 07       		.uleb128 0x7
 623 02bd 3F110000 		.4byte	.LASF95
 624 02c1 29       		.sleb128 41
 625 02c2 07       		.uleb128 0x7
 626 02c3 C3090000 		.4byte	.LASF96
 627 02c7 FF01     		.sleb128 255
 628 02c9 07       		.uleb128 0x7
 629 02ca B9010000 		.4byte	.LASF97
 630 02ce 8002     		.sleb128 256
 631 02d0 07       		.uleb128 0x7
 632 02d1 0D0B0000 		.4byte	.LASF98
 633 02d5 8102     		.sleb128 257
 634 02d7 07       		.uleb128 0x7
 635 02d8 DF0C0000 		.4byte	.LASF99
 636 02dc 8202     		.sleb128 258
 637 02de 07       		.uleb128 0x7
 638 02df 03040000 		.4byte	.LASF100
 639 02e3 8302     		.sleb128 259
 640 02e5 00       		.byte	0
 641 02e6 09       		.uleb128 0x9
 642 02e7 D90A0000 		.4byte	.LASF101
 643 02eb 03       		.byte	0x3
 644 02ec 2F02     		.2byte	0x22f
 645 02ee 2F020000 		.4byte	0x22f
 646 02f2 0A       		.uleb128 0xa
 647 02f3 04       		.byte	0x4
 648 02f4 6B000000 		.4byte	0x6b
 649 02f8 06       		.uleb128 0x6
ARM GAS  C:\Users\sunyi\AppData\Local\Temp\cc1DSMyr.s 			page 16


 650 02f9 01       		.byte	0x1
 651 02fa 04       		.byte	0x4
 652 02fb A4       		.byte	0xa4
 653 02fc CF030000 		.4byte	0x3cf
 654 0300 07       		.uleb128 0x7
 655 0301 48050000 		.4byte	.LASF102
 656 0305 00       		.sleb128 0
 657 0306 07       		.uleb128 0x7
 658 0307 C8000000 		.4byte	.LASF103
 659 030b 01       		.sleb128 1
 660 030c 07       		.uleb128 0x7
 661 030d 82050000 		.4byte	.LASF104
 662 0311 02       		.sleb128 2
 663 0312 07       		.uleb128 0x7
 664 0313 C0070000 		.4byte	.LASF105
 665 0317 03       		.sleb128 3
 666 0318 07       		.uleb128 0x7
 667 0319 E8030000 		.4byte	.LASF106
 668 031d 04       		.sleb128 4
 669 031e 07       		.uleb128 0x7
 670 031f F1020000 		.4byte	.LASF107
 671 0323 05       		.sleb128 5
 672 0324 07       		.uleb128 0x7
 673 0325 A3000000 		.4byte	.LASF108
 674 0329 06       		.sleb128 6
 675 032a 07       		.uleb128 0x7
 676 032b 21110000 		.4byte	.LASF109
 677 032f 07       		.sleb128 7
 678 0330 07       		.uleb128 0x7
 679 0331 890A0000 		.4byte	.LASF110
 680 0335 08       		.sleb128 8
 681 0336 07       		.uleb128 0x7
 682 0337 CB0B0000 		.4byte	.LASF111
 683 033b 09       		.sleb128 9
 684 033c 07       		.uleb128 0x7
 685 033d 1D070000 		.4byte	.LASF112
 686 0341 0A       		.sleb128 10
 687 0342 07       		.uleb128 0x7
 688 0343 E3070000 		.4byte	.LASF113
 689 0347 0B       		.sleb128 11
 690 0348 07       		.uleb128 0x7
 691 0349 3A080000 		.4byte	.LASF114
 692 034d 0C       		.sleb128 12
 693 034e 07       		.uleb128 0x7
 694 034f 710C0000 		.4byte	.LASF115
 695 0353 0D       		.sleb128 13
 696 0354 07       		.uleb128 0x7
 697 0355 2C0F0000 		.4byte	.LASF116
 698 0359 0E       		.sleb128 14
 699 035a 07       		.uleb128 0x7
 700 035b 5C100000 		.4byte	.LASF117
 701 035f 0F       		.sleb128 15
 702 0360 07       		.uleb128 0x7
 703 0361 D0040000 		.4byte	.LASF118
 704 0365 10       		.sleb128 16
 705 0366 07       		.uleb128 0x7
 706 0367 1B0A0000 		.4byte	.LASF119
ARM GAS  C:\Users\sunyi\AppData\Local\Temp\cc1DSMyr.s 			page 17


 707 036b 11       		.sleb128 17
 708 036c 07       		.uleb128 0x7
 709 036d 250E0000 		.4byte	.LASF120
 710 0371 8001     		.sleb128 128
 711 0373 07       		.uleb128 0x7
 712 0374 2E100000 		.4byte	.LASF121
 713 0378 8001     		.sleb128 128
 714 037a 07       		.uleb128 0x7
 715 037b 54090000 		.4byte	.LASF122
 716 037f 8001     		.sleb128 128
 717 0381 07       		.uleb128 0x7
 718 0382 BF080000 		.4byte	.LASF123
 719 0386 8001     		.sleb128 128
 720 0388 07       		.uleb128 0x7
 721 0389 B4060000 		.4byte	.LASF124
 722 038d 8001     		.sleb128 128
 723 038f 07       		.uleb128 0x7
 724 0390 CC020000 		.4byte	.LASF125
 725 0394 8001     		.sleb128 128
 726 0396 07       		.uleb128 0x7
 727 0397 480D0000 		.4byte	.LASF126
 728 039b 8001     		.sleb128 128
 729 039d 07       		.uleb128 0x7
 730 039e 960C0000 		.4byte	.LASF127
 731 03a2 8101     		.sleb128 129
 732 03a4 07       		.uleb128 0x7
 733 03a5 3A020000 		.4byte	.LASF128
 734 03a9 8101     		.sleb128 129
 735 03ab 07       		.uleb128 0x7
 736 03ac 99060000 		.4byte	.LASF129
 737 03b0 8101     		.sleb128 129
 738 03b2 07       		.uleb128 0x7
 739 03b3 7A0D0000 		.4byte	.LASF130
 740 03b7 A001     		.sleb128 160
 741 03b9 07       		.uleb128 0x7
 742 03ba ED0D0000 		.4byte	.LASF131
 743 03be FD01     		.sleb128 253
 744 03c0 07       		.uleb128 0x7
 745 03c1 9D0F0000 		.4byte	.LASF132
 746 03c5 FE01     		.sleb128 254
 747 03c7 07       		.uleb128 0x7
 748 03c8 320C0000 		.4byte	.LASF133
 749 03cc FF01     		.sleb128 255
 750 03ce 00       		.byte	0
 751 03cf 09       		.uleb128 0x9
 752 03d0 49030000 		.4byte	.LASF134
 753 03d4 04       		.byte	0x4
 754 03d5 6201     		.2byte	0x162
 755 03d7 76000000 		.4byte	0x76
 756 03db 0B       		.uleb128 0xb
 757 03dc 08       		.byte	0x8
 758 03dd 04       		.byte	0x4
 759 03de 8901     		.2byte	0x189
 760 03e0 0C040000 		.4byte	0x40c
 761 03e4 0C       		.uleb128 0xc
 762 03e5 76616C00 		.ascii	"val\000"
 763 03e9 04       		.byte	0x4
ARM GAS  C:\Users\sunyi\AppData\Local\Temp\cc1DSMyr.s 			page 18


 764 03ea 8C01     		.2byte	0x18c
 765 03ec F2020000 		.4byte	0x2f2
 766 03f0 00       		.byte	0
 767 03f1 0C       		.uleb128 0xc
 768 03f2 6C656E00 		.ascii	"len\000"
 769 03f6 04       		.byte	0x4
 770 03f7 8F01     		.2byte	0x18f
 771 03f9 76000000 		.4byte	0x76
 772 03fd 04       		.byte	0x4
 773 03fe 0D       		.uleb128 0xd
 774 03ff A4030000 		.4byte	.LASF135
 775 0403 04       		.byte	0x4
 776 0404 9601     		.2byte	0x196
 777 0406 76000000 		.4byte	0x76
 778 040a 06       		.byte	0x6
 779 040b 00       		.byte	0
 780 040c 09       		.uleb128 0x9
 781 040d 12020000 		.4byte	.LASF136
 782 0411 04       		.byte	0x4
 783 0412 9801     		.2byte	0x198
 784 0414 DB030000 		.4byte	0x3db
 785 0418 0B       		.uleb128 0xb
 786 0419 0C       		.byte	0xc
 787 041a 04       		.byte	0x4
 788 041b 9B01     		.2byte	0x19b
 789 041d 3C040000 		.4byte	0x43c
 790 0421 0D       		.uleb128 0xd
 791 0422 1D060000 		.4byte	.LASF137
 792 0426 04       		.byte	0x4
 793 0427 9E01     		.2byte	0x19e
 794 0429 0C040000 		.4byte	0x40c
 795 042d 00       		.byte	0
 796 042e 0D       		.uleb128 0xd
 797 042f FB050000 		.4byte	.LASF138
 798 0433 04       		.byte	0x4
 799 0434 A101     		.2byte	0x1a1
 800 0436 CF030000 		.4byte	0x3cf
 801 043a 08       		.byte	0x8
 802 043b 00       		.byte	0
 803 043c 09       		.uleb128 0x9
 804 043d 260B0000 		.4byte	.LASF139
 805 0441 04       		.byte	0x4
 806 0442 A301     		.2byte	0x1a3
 807 0444 18040000 		.4byte	0x418
 808 0448 09       		.uleb128 0x9
 809 0449 83100000 		.4byte	.LASF140
 810 044d 05       		.byte	0x5
 811 044e 2401     		.2byte	0x124
 812 0450 54040000 		.4byte	0x454
 813 0454 0A       		.uleb128 0xa
 814 0455 04       		.byte	0x4
 815 0456 5A040000 		.4byte	0x45a
 816 045a 0E       		.uleb128 0xe
 817 045b 6A040000 		.4byte	0x46a
 818 045f 0F       		.uleb128 0xf
 819 0460 81000000 		.4byte	0x81
 820 0464 0F       		.uleb128 0xf
ARM GAS  C:\Users\sunyi\AppData\Local\Temp\cc1DSMyr.s 			page 19


 821 0465 A8000000 		.4byte	0xa8
 822 0469 00       		.byte	0
 823 046a 06       		.uleb128 0x6
 824 046b 01       		.byte	0x1
 825 046c 06       		.byte	0x6
 826 046d 1D       		.byte	0x1d
 827 046e AF040000 		.4byte	0x4af
 828 0472 07       		.uleb128 0x7
 829 0473 C0120000 		.4byte	.LASF141
 830 0477 00       		.sleb128 0
 831 0478 07       		.uleb128 0x7
 832 0479 600E0000 		.4byte	.LASF142
 833 047d 01       		.sleb128 1
 834 047e 07       		.uleb128 0x7
 835 047f F30B0000 		.4byte	.LASF143
 836 0483 02       		.sleb128 2
 837 0484 07       		.uleb128 0x7
 838 0485 14050000 		.4byte	.LASF144
 839 0489 03       		.sleb128 3
 840 048a 07       		.uleb128 0x7
 841 048b F6040000 		.4byte	.LASF145
 842 048f 04       		.sleb128 4
 843 0490 07       		.uleb128 0x7
 844 0491 630D0000 		.4byte	.LASF146
 845 0495 05       		.sleb128 5
 846 0496 07       		.uleb128 0x7
 847 0497 AF090000 		.4byte	.LASF147
 848 049b 06       		.sleb128 6
 849 049c 07       		.uleb128 0x7
 850 049d 450B0000 		.4byte	.LASF148
 851 04a1 07       		.sleb128 7
 852 04a2 07       		.uleb128 0x7
 853 04a3 AE080000 		.4byte	.LASF149
 854 04a7 08       		.sleb128 8
 855 04a8 07       		.uleb128 0x7
 856 04a9 5C0C0000 		.4byte	.LASF150
 857 04ad 09       		.sleb128 9
 858 04ae 00       		.byte	0
 859 04af 04       		.uleb128 0x4
 860 04b0 45060000 		.4byte	.LASF151
 861 04b4 06       		.byte	0x6
 862 04b5 29       		.byte	0x29
 863 04b6 6A040000 		.4byte	0x46a
 864 04ba 10       		.uleb128 0x10
 865 04bb 14       		.byte	0x14
 866 04bc 06       		.byte	0x6
 867 04bd 2E       		.byte	0x2e
 868 04be DB040000 		.4byte	0x4db
 869 04c2 11       		.uleb128 0x11
 870 04c3 0F090000 		.4byte	.LASF152
 871 04c7 06       		.byte	0x6
 872 04c8 31       		.byte	0x31
 873 04c9 CF030000 		.4byte	0x3cf
 874 04cd 00       		.byte	0
 875 04ce 11       		.uleb128 0x11
 876 04cf 020D0000 		.4byte	.LASF153
 877 04d3 06       		.byte	0x6
ARM GAS  C:\Users\sunyi\AppData\Local\Temp\cc1DSMyr.s 			page 20


 878 04d4 34       		.byte	0x34
 879 04d5 DB040000 		.4byte	0x4db
 880 04d9 02       		.byte	0x2
 881 04da 00       		.byte	0
 882 04db 12       		.uleb128 0x12
 883 04dc CF030000 		.4byte	0x3cf
 884 04e0 EB040000 		.4byte	0x4eb
 885 04e4 13       		.uleb128 0x13
 886 04e5 A1000000 		.4byte	0xa1
 887 04e9 08       		.byte	0x8
 888 04ea 00       		.byte	0
 889 04eb 04       		.uleb128 0x4
 890 04ec 35120000 		.4byte	.LASF154
 891 04f0 06       		.byte	0x6
 892 04f1 35       		.byte	0x35
 893 04f2 BA040000 		.4byte	0x4ba
 894 04f6 06       		.uleb128 0x6
 895 04f7 01       		.byte	0x1
 896 04f8 07       		.byte	0x7
 897 04f9 22       		.byte	0x22
 898 04fa 17050000 		.4byte	0x517
 899 04fe 07       		.uleb128 0x7
 900 04ff 5A0A0000 		.4byte	.LASF155
 901 0503 00       		.sleb128 0
 902 0504 07       		.uleb128 0x7
 903 0505 170E0000 		.4byte	.LASF156
 904 0509 01       		.sleb128 1
 905 050a 07       		.uleb128 0x7
 906 050b DA030000 		.4byte	.LASF157
 907 050f 02       		.sleb128 2
 908 0510 07       		.uleb128 0x7
 909 0511 C5030000 		.4byte	.LASF158
 910 0515 03       		.sleb128 3
 911 0516 00       		.byte	0
 912 0517 14       		.uleb128 0x14
 913 0518 E6000000 		.4byte	.LASF170
 914 051c 01       		.byte	0x1
 915 051d 3D       		.byte	0x3d
 916 051e 00000000 		.4byte	.LFB2
 917 0522 08000000 		.4byte	.LFE2-.LFB2
 918 0526 01       		.uleb128 0x1
 919 0527 9C       		.byte	0x9c
 920 0528 15       		.uleb128 0x15
 921 0529 C10C0000 		.4byte	.LASF171
 922 052d 01       		.byte	0x1
 923 052e 63       		.byte	0x63
 924 052f 00000000 		.4byte	.LFB3
 925 0533 0E000000 		.4byte	.LFE3-.LFB3
 926 0537 01       		.uleb128 0x1
 927 0538 9C       		.byte	0x9c
 928 0539 4C050000 		.4byte	0x54c
 929 053d 16       		.uleb128 0x16
 930 053e 250C0000 		.4byte	.LASF159
 931 0542 01       		.byte	0x1
 932 0543 63       		.byte	0x63
 933 0544 48040000 		.4byte	0x448
 934 0548 02       		.uleb128 0x2
ARM GAS  C:\Users\sunyi\AppData\Local\Temp\cc1DSMyr.s 			page 21


 935 0549 91       		.byte	0x91
 936 054a 74       		.sleb128 -12
 937 054b 00       		.byte	0
 938 054c 17       		.uleb128 0x17
 939 054d 63080000 		.4byte	.LASF165
 940 0551 01       		.byte	0x1
 941 0552 88       		.byte	0x88
 942 0553 E6020000 		.4byte	0x2e6
 943 0557 00000000 		.4byte	.LFB4
 944 055b 84000000 		.4byte	.LFE4-.LFB4
 945 055f 01       		.uleb128 0x1
 946 0560 9C       		.byte	0x9c
 947 0561 AC050000 		.4byte	0x5ac
 948 0565 16       		.uleb128 0x16
 949 0566 B2100000 		.4byte	.LASF160
 950 056a 01       		.byte	0x1
 951 056b 88       		.byte	0x88
 952 056c AF040000 		.4byte	0x4af
 953 0570 02       		.uleb128 0x2
 954 0571 91       		.byte	0x91
 955 0572 67       		.sleb128 -25
 956 0573 16       		.uleb128 0x16
 957 0574 DC120000 		.4byte	.LASF161
 958 0578 01       		.byte	0x1
 959 0579 88       		.byte	0x88
 960 057a 6B000000 		.4byte	0x6b
 961 057e 02       		.uleb128 0x2
 962 057f 91       		.byte	0x91
 963 0580 66       		.sleb128 -26
 964 0581 16       		.uleb128 0x16
 965 0582 C20D0000 		.4byte	.LASF162
 966 0586 01       		.byte	0x1
 967 0587 88       		.byte	0x88
 968 0588 F2020000 		.4byte	0x2f2
 969 058c 02       		.uleb128 0x2
 970 058d 91       		.byte	0x91
 971 058e 60       		.sleb128 -32
 972 058f 18       		.uleb128 0x18
 973 0590 CF0A0000 		.4byte	.LASF163
 974 0594 01       		.byte	0x1
 975 0595 8A       		.byte	0x8a
 976 0596 E6020000 		.4byte	0x2e6
 977 059a 02       		.uleb128 0x2
 978 059b 91       		.byte	0x91
 979 059c 76       		.sleb128 -10
 980 059d 18       		.uleb128 0x18
 981 059e 66120000 		.4byte	.LASF164
 982 05a2 01       		.byte	0x1
 983 05a3 8B       		.byte	0x8b
 984 05a4 3C040000 		.4byte	0x43c
 985 05a8 02       		.uleb128 0x2
 986 05a9 91       		.byte	0x91
 987 05aa 68       		.sleb128 -24
 988 05ab 00       		.byte	0
 989 05ac 17       		.uleb128 0x17
 990 05ad 680A0000 		.4byte	.LASF166
 991 05b1 01       		.byte	0x1
ARM GAS  C:\Users\sunyi\AppData\Local\Temp\cc1DSMyr.s 			page 22


 992 05b2 B6       		.byte	0xb6
 993 05b3 E6020000 		.4byte	0x2e6
 994 05b7 00000000 		.4byte	.LFB5
 995 05bb 80000000 		.4byte	.LFE5-.LFB5
 996 05bf 01       		.uleb128 0x1
 997 05c0 9C       		.byte	0x9c
 998 05c1 0C060000 		.4byte	0x60c
 999 05c5 16       		.uleb128 0x16
 1000 05c6 B2100000 		.4byte	.LASF160
 1001 05ca 01       		.byte	0x1
 1002 05cb B6       		.byte	0xb6
 1003 05cc AF040000 		.4byte	0x4af
 1004 05d0 02       		.uleb128 0x2
 1005 05d1 91       		.byte	0x91
 1006 05d2 67       		.sleb128 -25
 1007 05d3 16       		.uleb128 0x16
 1008 05d4 DC120000 		.4byte	.LASF161
 1009 05d8 01       		.byte	0x1
 1010 05d9 B6       		.byte	0xb6
 1011 05da 6B000000 		.4byte	0x6b
 1012 05de 02       		.uleb128 0x2
 1013 05df 91       		.byte	0x91
 1014 05e0 66       		.sleb128 -26
 1015 05e1 16       		.uleb128 0x16
 1016 05e2 C20D0000 		.4byte	.LASF162
 1017 05e6 01       		.byte	0x1
 1018 05e7 B6       		.byte	0xb6
 1019 05e8 F2020000 		.4byte	0x2f2
 1020 05ec 02       		.uleb128 0x2
 1021 05ed 91       		.byte	0x91
 1022 05ee 60       		.sleb128 -32
 1023 05ef 18       		.uleb128 0x18
 1024 05f0 CF0A0000 		.4byte	.LASF163
 1025 05f4 01       		.byte	0x1
 1026 05f5 B8       		.byte	0xb8
 1027 05f6 E6020000 		.4byte	0x2e6
 1028 05fa 02       		.uleb128 0x2
 1029 05fb 91       		.byte	0x91
 1030 05fc 76       		.sleb128 -10
 1031 05fd 18       		.uleb128 0x18
 1032 05fe 66120000 		.4byte	.LASF164
 1033 0602 01       		.byte	0x1
 1034 0603 B9       		.byte	0xb9
 1035 0604 3C040000 		.4byte	0x43c
 1036 0608 02       		.uleb128 0x2
 1037 0609 91       		.byte	0x91
 1038 060a 68       		.sleb128 -24
 1039 060b 00       		.byte	0
 1040 060c 19       		.uleb128 0x19
 1041 060d A3080000 		.4byte	.LASF172
 1042 0611 01       		.byte	0x1
 1043 0612 14       		.byte	0x14
 1044 0613 1D060000 		.4byte	0x61d
 1045 0617 05       		.uleb128 0x5
 1046 0618 03       		.byte	0x3
 1047 0619 00000000 		.4byte	cyBle_diss
 1048 061d 1A       		.uleb128 0x1a
ARM GAS  C:\Users\sunyi\AppData\Local\Temp\cc1DSMyr.s 			page 23


 1049 061e EB040000 		.4byte	0x4eb
 1050 0622 00       		.byte	0
 1051              		.section	.debug_abbrev,"",%progbits
 1052              	.Ldebug_abbrev0:
 1053 0000 01       		.uleb128 0x1
 1054 0001 11       		.uleb128 0x11
 1055 0002 01       		.byte	0x1
 1056 0003 25       		.uleb128 0x25
 1057 0004 0E       		.uleb128 0xe
 1058 0005 13       		.uleb128 0x13
 1059 0006 0B       		.uleb128 0xb
 1060 0007 03       		.uleb128 0x3
 1061 0008 0E       		.uleb128 0xe
 1062 0009 1B       		.uleb128 0x1b
 1063 000a 0E       		.uleb128 0xe
 1064 000b 55       		.uleb128 0x55
 1065 000c 17       		.uleb128 0x17
 1066 000d 11       		.uleb128 0x11
 1067 000e 01       		.uleb128 0x1
 1068 000f 10       		.uleb128 0x10
 1069 0010 17       		.uleb128 0x17
 1070 0011 00       		.byte	0
 1071 0012 00       		.byte	0
 1072 0013 02       		.uleb128 0x2
 1073 0014 24       		.uleb128 0x24
 1074 0015 00       		.byte	0
 1075 0016 0B       		.uleb128 0xb
 1076 0017 0B       		.uleb128 0xb
 1077 0018 3E       		.uleb128 0x3e
 1078 0019 0B       		.uleb128 0xb
 1079 001a 03       		.uleb128 0x3
 1080 001b 0E       		.uleb128 0xe
 1081 001c 00       		.byte	0
 1082 001d 00       		.byte	0
 1083 001e 03       		.uleb128 0x3
 1084 001f 24       		.uleb128 0x24
 1085 0020 00       		.byte	0
 1086 0021 0B       		.uleb128 0xb
 1087 0022 0B       		.uleb128 0xb
 1088 0023 3E       		.uleb128 0x3e
 1089 0024 0B       		.uleb128 0xb
 1090 0025 03       		.uleb128 0x3
 1091 0026 08       		.uleb128 0x8
 1092 0027 00       		.byte	0
 1093 0028 00       		.byte	0
 1094 0029 04       		.uleb128 0x4
 1095 002a 16       		.uleb128 0x16
 1096 002b 00       		.byte	0
 1097 002c 03       		.uleb128 0x3
 1098 002d 0E       		.uleb128 0xe
 1099 002e 3A       		.uleb128 0x3a
 1100 002f 0B       		.uleb128 0xb
 1101 0030 3B       		.uleb128 0x3b
 1102 0031 0B       		.uleb128 0xb
 1103 0032 49       		.uleb128 0x49
 1104 0033 13       		.uleb128 0x13
 1105 0034 00       		.byte	0
ARM GAS  C:\Users\sunyi\AppData\Local\Temp\cc1DSMyr.s 			page 24


 1106 0035 00       		.byte	0
 1107 0036 05       		.uleb128 0x5
 1108 0037 0F       		.uleb128 0xf
 1109 0038 00       		.byte	0
 1110 0039 0B       		.uleb128 0xb
 1111 003a 0B       		.uleb128 0xb
 1112 003b 00       		.byte	0
 1113 003c 00       		.byte	0
 1114 003d 06       		.uleb128 0x6
 1115 003e 04       		.uleb128 0x4
 1116 003f 01       		.byte	0x1
 1117 0040 0B       		.uleb128 0xb
 1118 0041 0B       		.uleb128 0xb
 1119 0042 3A       		.uleb128 0x3a
 1120 0043 0B       		.uleb128 0xb
 1121 0044 3B       		.uleb128 0x3b
 1122 0045 0B       		.uleb128 0xb
 1123 0046 01       		.uleb128 0x1
 1124 0047 13       		.uleb128 0x13
 1125 0048 00       		.byte	0
 1126 0049 00       		.byte	0
 1127 004a 07       		.uleb128 0x7
 1128 004b 28       		.uleb128 0x28
 1129 004c 00       		.byte	0
 1130 004d 03       		.uleb128 0x3
 1131 004e 0E       		.uleb128 0xe
 1132 004f 1C       		.uleb128 0x1c
 1133 0050 0D       		.uleb128 0xd
 1134 0051 00       		.byte	0
 1135 0052 00       		.byte	0
 1136 0053 08       		.uleb128 0x8
 1137 0054 04       		.uleb128 0x4
 1138 0055 01       		.byte	0x1
 1139 0056 0B       		.uleb128 0xb
 1140 0057 0B       		.uleb128 0xb
 1141 0058 3A       		.uleb128 0x3a
 1142 0059 0B       		.uleb128 0xb
 1143 005a 3B       		.uleb128 0x3b
 1144 005b 05       		.uleb128 0x5
 1145 005c 01       		.uleb128 0x1
 1146 005d 13       		.uleb128 0x13
 1147 005e 00       		.byte	0
 1148 005f 00       		.byte	0
 1149 0060 09       		.uleb128 0x9
 1150 0061 16       		.uleb128 0x16
 1151 0062 00       		.byte	0
 1152 0063 03       		.uleb128 0x3
 1153 0064 0E       		.uleb128 0xe
 1154 0065 3A       		.uleb128 0x3a
 1155 0066 0B       		.uleb128 0xb
 1156 0067 3B       		.uleb128 0x3b
 1157 0068 05       		.uleb128 0x5
 1158 0069 49       		.uleb128 0x49
 1159 006a 13       		.uleb128 0x13
 1160 006b 00       		.byte	0
 1161 006c 00       		.byte	0
 1162 006d 0A       		.uleb128 0xa
ARM GAS  C:\Users\sunyi\AppData\Local\Temp\cc1DSMyr.s 			page 25


 1163 006e 0F       		.uleb128 0xf
 1164 006f 00       		.byte	0
 1165 0070 0B       		.uleb128 0xb
 1166 0071 0B       		.uleb128 0xb
 1167 0072 49       		.uleb128 0x49
 1168 0073 13       		.uleb128 0x13
 1169 0074 00       		.byte	0
 1170 0075 00       		.byte	0
 1171 0076 0B       		.uleb128 0xb
 1172 0077 13       		.uleb128 0x13
 1173 0078 01       		.byte	0x1
 1174 0079 0B       		.uleb128 0xb
 1175 007a 0B       		.uleb128 0xb
 1176 007b 3A       		.uleb128 0x3a
 1177 007c 0B       		.uleb128 0xb
 1178 007d 3B       		.uleb128 0x3b
 1179 007e 05       		.uleb128 0x5
 1180 007f 01       		.uleb128 0x1
 1181 0080 13       		.uleb128 0x13
 1182 0081 00       		.byte	0
 1183 0082 00       		.byte	0
 1184 0083 0C       		.uleb128 0xc
 1185 0084 0D       		.uleb128 0xd
 1186 0085 00       		.byte	0
 1187 0086 03       		.uleb128 0x3
 1188 0087 08       		.uleb128 0x8
 1189 0088 3A       		.uleb128 0x3a
 1190 0089 0B       		.uleb128 0xb
 1191 008a 3B       		.uleb128 0x3b
 1192 008b 05       		.uleb128 0x5
 1193 008c 49       		.uleb128 0x49
 1194 008d 13       		.uleb128 0x13
 1195 008e 38       		.uleb128 0x38
 1196 008f 0B       		.uleb128 0xb
 1197 0090 00       		.byte	0
 1198 0091 00       		.byte	0
 1199 0092 0D       		.uleb128 0xd
 1200 0093 0D       		.uleb128 0xd
 1201 0094 00       		.byte	0
 1202 0095 03       		.uleb128 0x3
 1203 0096 0E       		.uleb128 0xe
 1204 0097 3A       		.uleb128 0x3a
 1205 0098 0B       		.uleb128 0xb
 1206 0099 3B       		.uleb128 0x3b
 1207 009a 05       		.uleb128 0x5
 1208 009b 49       		.uleb128 0x49
 1209 009c 13       		.uleb128 0x13
 1210 009d 38       		.uleb128 0x38
 1211 009e 0B       		.uleb128 0xb
 1212 009f 00       		.byte	0
 1213 00a0 00       		.byte	0
 1214 00a1 0E       		.uleb128 0xe
 1215 00a2 15       		.uleb128 0x15
 1216 00a3 01       		.byte	0x1
 1217 00a4 27       		.uleb128 0x27
 1218 00a5 19       		.uleb128 0x19
 1219 00a6 01       		.uleb128 0x1
ARM GAS  C:\Users\sunyi\AppData\Local\Temp\cc1DSMyr.s 			page 26


 1220 00a7 13       		.uleb128 0x13
 1221 00a8 00       		.byte	0
 1222 00a9 00       		.byte	0
 1223 00aa 0F       		.uleb128 0xf
 1224 00ab 05       		.uleb128 0x5
 1225 00ac 00       		.byte	0
 1226 00ad 49       		.uleb128 0x49
 1227 00ae 13       		.uleb128 0x13
 1228 00af 00       		.byte	0
 1229 00b0 00       		.byte	0
 1230 00b1 10       		.uleb128 0x10
 1231 00b2 13       		.uleb128 0x13
 1232 00b3 01       		.byte	0x1
 1233 00b4 0B       		.uleb128 0xb
 1234 00b5 0B       		.uleb128 0xb
 1235 00b6 3A       		.uleb128 0x3a
 1236 00b7 0B       		.uleb128 0xb
 1237 00b8 3B       		.uleb128 0x3b
 1238 00b9 0B       		.uleb128 0xb
 1239 00ba 01       		.uleb128 0x1
 1240 00bb 13       		.uleb128 0x13
 1241 00bc 00       		.byte	0
 1242 00bd 00       		.byte	0
 1243 00be 11       		.uleb128 0x11
 1244 00bf 0D       		.uleb128 0xd
 1245 00c0 00       		.byte	0
 1246 00c1 03       		.uleb128 0x3
 1247 00c2 0E       		.uleb128 0xe
 1248 00c3 3A       		.uleb128 0x3a
 1249 00c4 0B       		.uleb128 0xb
 1250 00c5 3B       		.uleb128 0x3b
 1251 00c6 0B       		.uleb128 0xb
 1252 00c7 49       		.uleb128 0x49
 1253 00c8 13       		.uleb128 0x13
 1254 00c9 38       		.uleb128 0x38
 1255 00ca 0B       		.uleb128 0xb
 1256 00cb 00       		.byte	0
 1257 00cc 00       		.byte	0
 1258 00cd 12       		.uleb128 0x12
 1259 00ce 01       		.uleb128 0x1
 1260 00cf 01       		.byte	0x1
 1261 00d0 49       		.uleb128 0x49
 1262 00d1 13       		.uleb128 0x13
 1263 00d2 01       		.uleb128 0x1
 1264 00d3 13       		.uleb128 0x13
 1265 00d4 00       		.byte	0
 1266 00d5 00       		.byte	0
 1267 00d6 13       		.uleb128 0x13
 1268 00d7 21       		.uleb128 0x21
 1269 00d8 00       		.byte	0
 1270 00d9 49       		.uleb128 0x49
 1271 00da 13       		.uleb128 0x13
 1272 00db 2F       		.uleb128 0x2f
 1273 00dc 0B       		.uleb128 0xb
 1274 00dd 00       		.byte	0
 1275 00de 00       		.byte	0
 1276 00df 14       		.uleb128 0x14
ARM GAS  C:\Users\sunyi\AppData\Local\Temp\cc1DSMyr.s 			page 27


 1277 00e0 2E       		.uleb128 0x2e
 1278 00e1 00       		.byte	0
 1279 00e2 3F       		.uleb128 0x3f
 1280 00e3 19       		.uleb128 0x19
 1281 00e4 03       		.uleb128 0x3
 1282 00e5 0E       		.uleb128 0xe
 1283 00e6 3A       		.uleb128 0x3a
 1284 00e7 0B       		.uleb128 0xb
 1285 00e8 3B       		.uleb128 0x3b
 1286 00e9 0B       		.uleb128 0xb
 1287 00ea 27       		.uleb128 0x27
 1288 00eb 19       		.uleb128 0x19
 1289 00ec 11       		.uleb128 0x11
 1290 00ed 01       		.uleb128 0x1
 1291 00ee 12       		.uleb128 0x12
 1292 00ef 06       		.uleb128 0x6
 1293 00f0 40       		.uleb128 0x40
 1294 00f1 18       		.uleb128 0x18
 1295 00f2 9742     		.uleb128 0x2117
 1296 00f4 19       		.uleb128 0x19
 1297 00f5 00       		.byte	0
 1298 00f6 00       		.byte	0
 1299 00f7 15       		.uleb128 0x15
 1300 00f8 2E       		.uleb128 0x2e
 1301 00f9 01       		.byte	0x1
 1302 00fa 3F       		.uleb128 0x3f
 1303 00fb 19       		.uleb128 0x19
 1304 00fc 03       		.uleb128 0x3
 1305 00fd 0E       		.uleb128 0xe
 1306 00fe 3A       		.uleb128 0x3a
 1307 00ff 0B       		.uleb128 0xb
 1308 0100 3B       		.uleb128 0x3b
 1309 0101 0B       		.uleb128 0xb
 1310 0102 27       		.uleb128 0x27
 1311 0103 19       		.uleb128 0x19
 1312 0104 11       		.uleb128 0x11
 1313 0105 01       		.uleb128 0x1
 1314 0106 12       		.uleb128 0x12
 1315 0107 06       		.uleb128 0x6
 1316 0108 40       		.uleb128 0x40
 1317 0109 18       		.uleb128 0x18
 1318 010a 9742     		.uleb128 0x2117
 1319 010c 19       		.uleb128 0x19
 1320 010d 01       		.uleb128 0x1
 1321 010e 13       		.uleb128 0x13
 1322 010f 00       		.byte	0
 1323 0110 00       		.byte	0
 1324 0111 16       		.uleb128 0x16
 1325 0112 05       		.uleb128 0x5
 1326 0113 00       		.byte	0
 1327 0114 03       		.uleb128 0x3
 1328 0115 0E       		.uleb128 0xe
 1329 0116 3A       		.uleb128 0x3a
 1330 0117 0B       		.uleb128 0xb
 1331 0118 3B       		.uleb128 0x3b
 1332 0119 0B       		.uleb128 0xb
 1333 011a 49       		.uleb128 0x49
ARM GAS  C:\Users\sunyi\AppData\Local\Temp\cc1DSMyr.s 			page 28


 1334 011b 13       		.uleb128 0x13
 1335 011c 02       		.uleb128 0x2
 1336 011d 18       		.uleb128 0x18
 1337 011e 00       		.byte	0
 1338 011f 00       		.byte	0
 1339 0120 17       		.uleb128 0x17
 1340 0121 2E       		.uleb128 0x2e
 1341 0122 01       		.byte	0x1
 1342 0123 3F       		.uleb128 0x3f
 1343 0124 19       		.uleb128 0x19
 1344 0125 03       		.uleb128 0x3
 1345 0126 0E       		.uleb128 0xe
 1346 0127 3A       		.uleb128 0x3a
 1347 0128 0B       		.uleb128 0xb
 1348 0129 3B       		.uleb128 0x3b
 1349 012a 0B       		.uleb128 0xb
 1350 012b 27       		.uleb128 0x27
 1351 012c 19       		.uleb128 0x19
 1352 012d 49       		.uleb128 0x49
 1353 012e 13       		.uleb128 0x13
 1354 012f 11       		.uleb128 0x11
 1355 0130 01       		.uleb128 0x1
 1356 0131 12       		.uleb128 0x12
 1357 0132 06       		.uleb128 0x6
 1358 0133 40       		.uleb128 0x40
 1359 0134 18       		.uleb128 0x18
 1360 0135 9642     		.uleb128 0x2116
 1361 0137 19       		.uleb128 0x19
 1362 0138 01       		.uleb128 0x1
 1363 0139 13       		.uleb128 0x13
 1364 013a 00       		.byte	0
 1365 013b 00       		.byte	0
 1366 013c 18       		.uleb128 0x18
 1367 013d 34       		.uleb128 0x34
 1368 013e 00       		.byte	0
 1369 013f 03       		.uleb128 0x3
 1370 0140 0E       		.uleb128 0xe
 1371 0141 3A       		.uleb128 0x3a
 1372 0142 0B       		.uleb128 0xb
 1373 0143 3B       		.uleb128 0x3b
 1374 0144 0B       		.uleb128 0xb
 1375 0145 49       		.uleb128 0x49
 1376 0146 13       		.uleb128 0x13
 1377 0147 02       		.uleb128 0x2
 1378 0148 18       		.uleb128 0x18
 1379 0149 00       		.byte	0
 1380 014a 00       		.byte	0
 1381 014b 19       		.uleb128 0x19
 1382 014c 34       		.uleb128 0x34
 1383 014d 00       		.byte	0
 1384 014e 03       		.uleb128 0x3
 1385 014f 0E       		.uleb128 0xe
 1386 0150 3A       		.uleb128 0x3a
 1387 0151 0B       		.uleb128 0xb
 1388 0152 3B       		.uleb128 0x3b
 1389 0153 0B       		.uleb128 0xb
 1390 0154 49       		.uleb128 0x49
ARM GAS  C:\Users\sunyi\AppData\Local\Temp\cc1DSMyr.s 			page 29


 1391 0155 13       		.uleb128 0x13
 1392 0156 3F       		.uleb128 0x3f
 1393 0157 19       		.uleb128 0x19
 1394 0158 02       		.uleb128 0x2
 1395 0159 18       		.uleb128 0x18
 1396 015a 00       		.byte	0
 1397 015b 00       		.byte	0
 1398 015c 1A       		.uleb128 0x1a
 1399 015d 26       		.uleb128 0x26
 1400 015e 00       		.byte	0
 1401 015f 49       		.uleb128 0x49
 1402 0160 13       		.uleb128 0x13
 1403 0161 00       		.byte	0
 1404 0162 00       		.byte	0
 1405 0163 00       		.byte	0
 1406              		.section	.debug_aranges,"",%progbits
 1407 0000 34000000 		.4byte	0x34
 1408 0004 0200     		.2byte	0x2
 1409 0006 00000000 		.4byte	.Ldebug_info0
 1410 000a 04       		.byte	0x4
 1411 000b 00       		.byte	0
 1412 000c 0000     		.2byte	0
 1413 000e 0000     		.2byte	0
 1414 0010 00000000 		.4byte	.LFB2
 1415 0014 08000000 		.4byte	.LFE2-.LFB2
 1416 0018 00000000 		.4byte	.LFB3
 1417 001c 0E000000 		.4byte	.LFE3-.LFB3
 1418 0020 00000000 		.4byte	.LFB4
 1419 0024 84000000 		.4byte	.LFE4-.LFB4
 1420 0028 00000000 		.4byte	.LFB5
 1421 002c 80000000 		.4byte	.LFE5-.LFB5
 1422 0030 00000000 		.4byte	0
 1423 0034 00000000 		.4byte	0
 1424              		.section	.debug_ranges,"",%progbits
 1425              	.Ldebug_ranges0:
 1426 0000 00000000 		.4byte	.LFB2
 1427 0004 08000000 		.4byte	.LFE2
 1428 0008 00000000 		.4byte	.LFB3
 1429 000c 0E000000 		.4byte	.LFE3
 1430 0010 00000000 		.4byte	.LFB4
 1431 0014 84000000 		.4byte	.LFE4
 1432 0018 00000000 		.4byte	.LFB5
 1433 001c 80000000 		.4byte	.LFE5
 1434 0020 00000000 		.4byte	0
 1435 0024 00000000 		.4byte	0
 1436              		.section	.debug_line,"",%progbits
 1437              	.Ldebug_line0:
 1438 0000 EC000000 		.section	.debug_str,"MS",%progbits,1
 1438      02008B00 
 1438      00000201 
 1438      FB0E0D00 
 1438      01010101 
 1439              	.LASF67:
 1440 0000 4359424C 		.ascii	"CYBLE_EVT_L2CAP_CBFC_RX_CREDIT_IND\000"
 1440      455F4556 
 1440      545F4C32 
 1440      4341505F 
ARM GAS  C:\Users\sunyi\AppData\Local\Temp\cc1DSMyr.s 			page 30


 1440      43424643 
 1441              	.LASF21:
 1442 0023 4359424C 		.ascii	"CYBLE_EVT_STACK_BUSY_STATUS\000"
 1442      455F4556 
 1442      545F5354 
 1442      41434B5F 
 1442      42555359 
 1443              	.LASF10:
 1444 003f 75696E74 		.ascii	"uint16\000"
 1444      313600
 1445              	.LASF44:
 1446 0046 4359424C 		.ascii	"CYBLE_EVT_GATTC_READ_RSP\000"
 1446      455F4556 
 1446      545F4741 
 1446      5454435F 
 1446      52454144 
 1447              	.LASF66:
 1448 005f 4359424C 		.ascii	"CYBLE_EVT_L2CAP_CBFC_DATA_READ\000"
 1448      455F4556 
 1448      545F4C32 
 1448      4341505F 
 1448      43424643 
 1449              	.LASF76:
 1450 007e 4359424C 		.ascii	"CYBLE_ERROR_MEMORY_ALLOCATION_FAILED\000"
 1450      455F4552 
 1450      524F525F 
 1450      4D454D4F 
 1450      52595F41 
 1451              	.LASF108:
 1452 00a3 4359424C 		.ascii	"CYBLE_GATT_ERR_REQUEST_NOT_SUPPORTED\000"
 1452      455F4741 
 1452      54545F45 
 1452      52525F52 
 1452      45515545 
 1453              	.LASF103:
 1454 00c8 4359424C 		.ascii	"CYBLE_GATT_ERR_INVALID_HANDLE\000"
 1454      455F4741 
 1454      54545F45 
 1454      52525F49 
 1454      4E56414C 
 1455              	.LASF170:
 1456 00e6 4379426C 		.ascii	"CyBle_DisInit\000"
 1456      655F4469 
 1456      73496E69 
 1456      7400
 1457              	.LASF32:
 1458 00f4 4359424C 		.ascii	"CYBLE_EVT_GAP_CONNECTION_UPDATE_COMPLETE\000"
 1458      455F4556 
 1458      545F4741 
 1458      505F434F 
 1458      4E4E4543 
 1459              	.LASF65:
 1460 011d 4359424C 		.ascii	"CYBLE_EVT_L2CAP_CBFC_DISCONN_CNF\000"
 1460      455F4556 
 1460      545F4C32 
 1460      4341505F 
 1460      43424643 
ARM GAS  C:\Users\sunyi\AppData\Local\Temp\cc1DSMyr.s 			page 31


 1461              	.LASF169:
 1462 013e 433A5C55 		.ascii	"C:\\Users\\sunyi\\Desktop\\Yushen Yang-9047-Lab3\\B"
 1462      73657273 
 1462      5C73756E 
 1462      79695C44 
 1462      65736B74 
 1463 016c 4C45204C 		.ascii	"LE Lab 3.cydsn\000"
 1463      61622033 
 1463      2E637964 
 1463      736E00
 1464              	.LASF46:
 1465 017b 4359424C 		.ascii	"CYBLE_EVT_GATTC_READ_MULTI_RSP\000"
 1465      455F4556 
 1465      545F4741 
 1465      5454435F 
 1465      52454144 
 1466              	.LASF51:
 1467 019a 4359424C 		.ascii	"CYBLE_EVT_GATTS_EXEC_WRITE_REQ\000"
 1467      455F4556 
 1467      545F4741 
 1467      5454535F 
 1467      45584543 
 1468              	.LASF97:
 1469 01b9 4359424C 		.ascii	"CYBLE_ERROR_NTF_DISABLED\000"
 1469      455F4552 
 1469      524F525F 
 1469      4E54465F 
 1469      44495341 
 1470              	.LASF18:
 1471 01d2 4359424C 		.ascii	"CYBLE_EVT_TIMEOUT\000"
 1471      455F4556 
 1471      545F5449 
 1471      4D454F55 
 1471      5400
 1472              	.LASF4:
 1473 01e4 6C6F6E67 		.ascii	"long int\000"
 1473      20696E74 
 1473      00
 1474              	.LASF86:
 1475 01ed 4359424C 		.ascii	"CYBLE_ERROR_L2CAP_PSM_WRONG_ENCODING\000"
 1475      455F4552 
 1475      524F525F 
 1475      4C324341 
 1475      505F5053 
 1476              	.LASF136:
 1477 0212 4359424C 		.ascii	"CYBLE_GATT_VALUE_T\000"
 1477      455F4741 
 1477      54545F56 
 1477      414C5545 
 1477      5F5400
 1478              	.LASF20:
 1479 0225 4359424C 		.ascii	"CYBLE_EVT_HCI_STATUS\000"
 1479      455F4556 
 1479      545F4843 
 1479      495F5354 
 1479      41545553 
 1480              	.LASF128:
ARM GAS  C:\Users\sunyi\AppData\Local\Temp\cc1DSMyr.s 			page 32


 1481 023a 4359424C 		.ascii	"CYBLE_GATTS_ERR_OPERATION_FAILED\000"
 1481      455F4741 
 1481      5454535F 
 1481      4552525F 
 1481      4F504552 
 1482              	.LASF33:
 1483 025b 4359424C 		.ascii	"CYBLE_EVT_GAPC_SCAN_START_STOP\000"
 1483      455F4556 
 1483      545F4741 
 1483      50435F53 
 1483      43414E5F 
 1484              	.LASF70:
 1485 027a 4359424C 		.ascii	"CYBLE_EVT_PENDING_FLASH_WRITE\000"
 1485      455F4556 
 1485      545F5045 
 1485      4E44494E 
 1485      475F464C 
 1486              	.LASF85:
 1487 0298 4359424C 		.ascii	"CYBLE_ERROR_SEC_FAILED\000"
 1487      455F4552 
 1487      524F525F 
 1487      5345435F 
 1487      4641494C 
 1488              	.LASF31:
 1489 02af 4359424C 		.ascii	"CYBLE_EVT_GAP_ENCRYPT_CHANGE\000"
 1489      455F4556 
 1489      545F4741 
 1489      505F454E 
 1489      43525950 
 1490              	.LASF125:
 1491 02cc 4359424C 		.ascii	"CYBLE_GATT_ERR_OP_CODE_NOT_SUPPORTED\000"
 1491      455F4741 
 1491      54545F45 
 1491      52525F4F 
 1491      505F434F 
 1492              	.LASF107:
 1493 02f1 4359424C 		.ascii	"CYBLE_GATT_ERR_INSUFFICIENT_AUTHENTICATION\000"
 1493      455F4741 
 1493      54545F45 
 1493      52525F49 
 1493      4E535546 
 1494              	.LASF6:
 1495 031c 6C6F6E67 		.ascii	"long long int\000"
 1495      206C6F6E 
 1495      6720696E 
 1495      7400
 1496              	.LASF0:
 1497 032a 7369676E 		.ascii	"signed char\000"
 1497      65642063 
 1497      68617200 
 1498              	.LASF17:
 1499 0336 4359424C 		.ascii	"CYBLE_EVT_STACK_ON\000"
 1499      455F4556 
 1499      545F5354 
 1499      41434B5F 
 1499      4F4E00
 1500              	.LASF134:
ARM GAS  C:\Users\sunyi\AppData\Local\Temp\cc1DSMyr.s 			page 33


 1501 0349 4359424C 		.ascii	"CYBLE_GATT_DB_ATTR_HANDLE_T\000"
 1501      455F4741 
 1501      54545F44 
 1501      425F4154 
 1501      54525F48 
 1502              	.LASF93:
 1503 0365 4359424C 		.ascii	"CYBLE_ERROR_DEVICE_ALREADY_EXISTS\000"
 1503      455F4552 
 1503      524F525F 
 1503      44455649 
 1503      43455F41 
 1504              	.LASF80:
 1505 0387 4359424C 		.ascii	"CYBLE_ERROR_NO_DEVICE_ENTITY\000"
 1505      455F4552 
 1505      524F525F 
 1505      4E4F5F44 
 1505      45564943 
 1506              	.LASF135:
 1507 03a4 61637475 		.ascii	"actualLen\000"
 1507      616C4C65 
 1507      6E00
 1508              	.LASF23:
 1509 03ae 4359424C 		.ascii	"CYBLE_EVT_GAP_AUTH_REQ\000"
 1509      455F4556 
 1509      545F4741 
 1509      505F4155 
 1509      54485F52 
 1510              	.LASF158:
 1511 03c5 4359424C 		.ascii	"CYBLE_HRS_CHAR_COUNT\000"
 1511      455F4852 
 1511      535F4348 
 1511      41525F43 
 1511      4F554E54 
 1512              	.LASF157:
 1513 03da 4359424C 		.ascii	"CYBLE_HRS_CPT\000"
 1513      455F4852 
 1513      535F4350 
 1513      5400
 1514              	.LASF106:
 1515 03e8 4359424C 		.ascii	"CYBLE_GATT_ERR_INVALID_PDU\000"
 1515      455F4741 
 1515      54545F45 
 1515      52525F49 
 1515      4E56414C 
 1516              	.LASF100:
 1517 0403 4359424C 		.ascii	"CYBLE_ERROR_INVALID_STATE\000"
 1517      455F4552 
 1517      524F525F 
 1517      494E5641 
 1517      4C49445F 
 1518              	.LASF49:
 1519 041d 4359424C 		.ascii	"CYBLE_EVT_GATTS_WRITE_CMD_REQ\000"
 1519      455F4556 
 1519      545F4741 
 1519      5454535F 
 1519      57524954 
 1520              	.LASF28:
ARM GAS  C:\Users\sunyi\AppData\Local\Temp\cc1DSMyr.s 			page 34


 1521 043b 4359424C 		.ascii	"CYBLE_EVT_GAPP_ADVERTISEMENT_START_STOP\000"
 1521      455F4556 
 1521      545F4741 
 1521      50505F41 
 1521      44564552 
 1522              	.LASF91:
 1523 0463 4359424C 		.ascii	"CYBLE_ERROR_L2CAP_PSM_NOT_IN_RANGE\000"
 1523      455F4552 
 1523      524F525F 
 1523      4C324341 
 1523      505F5053 
 1524              	.LASF9:
 1525 0486 75696E74 		.ascii	"uint8\000"
 1525      3800
 1526              	.LASF52:
 1527 048c 4359424C 		.ascii	"CYBLE_EVT_GATTC_EXEC_WRITE_RSP\000"
 1527      455F4556 
 1527      545F4741 
 1527      5454435F 
 1527      45584543 
 1528              	.LASF13:
 1529 04ab 646F7562 		.ascii	"double\000"
 1529      6C6500
 1530              	.LASF74:
 1531 04b2 4359424C 		.ascii	"CYBLE_ERROR_INVALID_PARAMETER\000"
 1531      455F4552 
 1531      524F525F 
 1531      494E5641 
 1531      4C49445F 
 1532              	.LASF118:
 1533 04d0 4359424C 		.ascii	"CYBLE_GATT_ERR_UNSUPPORTED_GROUP_TYPE\000"
 1533      455F4741 
 1533      54545F45 
 1533      52525F55 
 1533      4E535550 
 1534              	.LASF145:
 1535 04f6 4359424C 		.ascii	"CYBLE_DIS_FIRMWARE_REV\000"
 1535      455F4449 
 1535      535F4649 
 1535      524D5741 
 1535      52455F52 
 1536              	.LASF11:
 1537 050d 75696E74 		.ascii	"uint32\000"
 1537      333200
 1538              	.LASF144:
 1539 0514 4359424C 		.ascii	"CYBLE_DIS_HARDWARE_REV\000"
 1539      455F4449 
 1539      535F4841 
 1539      52445741 
 1539      52455F52 
 1540              	.LASF72:
 1541 052b 4359424C 		.ascii	"CYBLE_EVT_MAX\000"
 1541      455F4556 
 1541      545F4D41 
 1541      5800
 1542              	.LASF73:
 1543 0539 4359424C 		.ascii	"CYBLE_ERROR_OK\000"
ARM GAS  C:\Users\sunyi\AppData\Local\Temp\cc1DSMyr.s 			page 35


 1543      455F4552 
 1543      524F525F 
 1543      4F4B00
 1544              	.LASF102:
 1545 0548 4359424C 		.ascii	"CYBLE_GATT_ERR_NONE\000"
 1545      455F4741 
 1545      54545F45 
 1545      52525F4E 
 1545      4F4E4500 
 1546              	.LASF59:
 1547 055c 4359424C 		.ascii	"CYBLE_EVT_L2CAP_CONN_PARAM_UPDATE_REQ\000"
 1547      455F4556 
 1547      545F4C32 
 1547      4341505F 
 1547      434F4E4E 
 1548              	.LASF104:
 1549 0582 4359424C 		.ascii	"CYBLE_GATT_ERR_READ_NOT_PERMITTED\000"
 1549      455F4741 
 1549      54545F45 
 1549      52525F52 
 1549      4541445F 
 1550              	.LASF37:
 1551 05a4 4359424C 		.ascii	"CYBLE_EVT_GATT_DISCONNECT_IND\000"
 1551      455F4556 
 1551      545F4741 
 1551      54545F44 
 1551      4953434F 
 1552              	.LASF69:
 1553 05c2 4359424C 		.ascii	"CYBLE_EVT_L2CAP_CBFC_DATA_WRITE_IND\000"
 1553      455F4556 
 1553      545F4C32 
 1553      4341505F 
 1553      43424643 
 1554              	.LASF82:
 1555 05e6 4359424C 		.ascii	"CYBLE_ERROR_GAP_ROLE\000"
 1555      455F4552 
 1555      524F525F 
 1555      4741505F 
 1555      524F4C45 
 1556              	.LASF138:
 1557 05fb 61747472 		.ascii	"attrHandle\000"
 1557      48616E64 
 1557      6C6500
 1558              	.LASF7:
 1559 0606 6C6F6E67 		.ascii	"long long unsigned int\000"
 1559      206C6F6E 
 1559      6720756E 
 1559      7369676E 
 1559      65642069 
 1560              	.LASF137:
 1561 061d 76616C75 		.ascii	"value\000"
 1561      6500
 1562              	.LASF57:
 1563 0623 4359424C 		.ascii	"CYBLE_EVT_GATTC_STOP_CMD_COMPLETE\000"
 1563      455F4556 
 1563      545F4741 
 1563      5454435F 
ARM GAS  C:\Users\sunyi\AppData\Local\Temp\cc1DSMyr.s 			page 36


 1563      53544F50 
 1564              	.LASF151:
 1565 0645 4359424C 		.ascii	"CYBLE_DIS_CHAR_INDEX_T\000"
 1565      455F4449 
 1565      535F4348 
 1565      41525F49 
 1565      4E444558 
 1566              	.LASF78:
 1567 065c 4359424C 		.ascii	"CYBLE_ERROR_OOB_NOT_AVAILABLE\000"
 1567      455F4552 
 1567      524F525F 
 1567      4F4F425F 
 1567      4E4F545F 
 1568              	.LASF71:
 1569 067a 4359424C 		.ascii	"CYBLE_EVT_LE_PING_AUTH_TIMEOUT\000"
 1569      455F4556 
 1569      545F4C45 
 1569      5F50494E 
 1569      475F4155 
 1570              	.LASF129:
 1571 0699 4359424C 		.ascii	"CYBLE_GATT_ERR_INVALID_CRC\000"
 1571      455F4741 
 1571      54545F45 
 1571      52525F49 
 1571      4E56414C 
 1572              	.LASF124:
 1573 06b4 4359424C 		.ascii	"CYBLE_GATTS_ERR_PROCEDURE_ALREADY_IN_PROGRESS\000"
 1573      455F4741 
 1573      5454535F 
 1573      4552525F 
 1573      50524F43 
 1574              	.LASF87:
 1575 06e2 4359424C 		.ascii	"CYBLE_ERROR_L2CAP_PSM_ALREADY_REGISTERED\000"
 1575      455F4552 
 1575      524F525F 
 1575      4C324341 
 1575      505F5053 
 1576              	.LASF5:
 1577 070b 6C6F6E67 		.ascii	"long unsigned int\000"
 1577      20756E73 
 1577      69676E65 
 1577      6420696E 
 1577      7400
 1578              	.LASF112:
 1579 071d 4359424C 		.ascii	"CYBLE_GATT_ERR_ATTRIBUTE_NOT_FOUND\000"
 1579      455F4741 
 1579      54545F45 
 1579      52525F41 
 1579      54545249 
 1580              	.LASF47:
 1581 0740 4359424C 		.ascii	"CYBLE_EVT_GATTS_WRITE_REQ\000"
 1581      455F4556 
 1581      545F4741 
 1581      5454535F 
 1581      57524954 
 1582              	.LASF39:
 1583 075a 4359424C 		.ascii	"CYBLE_EVT_GATTC_XCHNG_MTU_RSP\000"
ARM GAS  C:\Users\sunyi\AppData\Local\Temp\cc1DSMyr.s 			page 37


 1583      455F4556 
 1583      545F4741 
 1583      5454435F 
 1583      5843484E 
 1584              	.LASF56:
 1585 0778 4359424C 		.ascii	"CYBLE_EVT_GATTS_DATA_SIGNED_CMD_REQ\000"
 1585      455F4556 
 1585      545F4741 
 1585      5454535F 
 1585      44415441 
 1586              	.LASF90:
 1587 079c 4359424C 		.ascii	"CYBLE_ERROR_L2CAP_CHANNEL_NOT_FOUND\000"
 1587      455F4552 
 1587      524F525F 
 1587      4C324341 
 1587      505F4348 
 1588              	.LASF105:
 1589 07c0 4359424C 		.ascii	"CYBLE_GATT_ERR_WRITE_NOT_PERMITTED\000"
 1589      455F4741 
 1589      54545F45 
 1589      52525F57 
 1589      52495445 
 1590              	.LASF113:
 1591 07e3 4359424C 		.ascii	"CYBLE_GATT_ERR_ATTRIBUTE_NOT_LONG\000"
 1591      455F4741 
 1591      54545F45 
 1591      52525F41 
 1591      54545249 
 1592              	.LASF16:
 1593 0805 4359424C 		.ascii	"CYBLE_EVT_HOST_INVALID\000"
 1593      455F4556 
 1593      545F484F 
 1593      53545F49 
 1593      4E56414C 
 1594              	.LASF42:
 1595 081c 4359424C 		.ascii	"CYBLE_EVT_GATTC_FIND_INFO_RSP\000"
 1595      455F4556 
 1595      545F4741 
 1595      5454435F 
 1595      46494E44 
 1596              	.LASF114:
 1597 083a 4359424C 		.ascii	"CYBLE_GATT_ERR_INSUFFICIENT_ENC_KEY_SIZE\000"
 1597      455F4741 
 1597      54545F45 
 1597      52525F49 
 1597      4E535546 
 1598              	.LASF165:
 1599 0863 4379426C 		.ascii	"CyBle_DissSetCharacteristicValue\000"
 1599      655F4469 
 1599      73735365 
 1599      74436861 
 1599      72616374 
 1600              	.LASF29:
 1601 0884 4359424C 		.ascii	"CYBLE_EVT_GAP_DEVICE_CONNECTED\000"
 1601      455F4556 
 1601      545F4741 
 1601      505F4445 
ARM GAS  C:\Users\sunyi\AppData\Local\Temp\cc1DSMyr.s 			page 38


 1601      56494345 
 1602              	.LASF172:
 1603 08a3 6379426C 		.ascii	"cyBle_diss\000"
 1603      655F6469 
 1603      737300
 1604              	.LASF149:
 1605 08ae 4359424C 		.ascii	"CYBLE_DIS_PNP_ID\000"
 1605      455F4449 
 1605      535F504E 
 1605      505F4944 
 1605      00
 1606              	.LASF123:
 1607 08bf 4359424C 		.ascii	"CYBLE_GATT_ERR_HTS_OUT_OF_RANGE\000"
 1607      455F4741 
 1607      54545F45 
 1607      52525F48 
 1607      54535F4F 
 1608              	.LASF2:
 1609 08df 73686F72 		.ascii	"short int\000"
 1609      7420696E 
 1609      7400
 1610              	.LASF25:
 1611 08e9 4359424C 		.ascii	"CYBLE_EVT_GAP_PASSKEY_DISPLAY_REQUEST\000"
 1611      455F4556 
 1611      545F4741 
 1611      505F5041 
 1611      53534B45 
 1612              	.LASF152:
 1613 090f 73657276 		.ascii	"serviceHandle\000"
 1613      69636548 
 1613      616E646C 
 1613      6500
 1614              	.LASF36:
 1615 091d 4359424C 		.ascii	"CYBLE_EVT_GATT_CONNECT_IND\000"
 1615      455F4556 
 1615      545F4741 
 1615      54545F43 
 1615      4F4E4E45 
 1616              	.LASF61:
 1617 0938 4359424C 		.ascii	"CYBLE_EVT_L2CAP_COMMAND_REJ\000"
 1617      455F4556 
 1617      545F4C32 
 1617      4341505F 
 1617      434F4D4D 
 1618              	.LASF122:
 1619 0954 4359424C 		.ascii	"CYBLE_GATT_ERR_CPS_INAPPROPRIATE_CONNECTION_PARAMET"
 1619      455F4741 
 1619      54545F45 
 1619      52525F43 
 1619      50535F49 
 1620 0987 45525300 		.ascii	"ERS\000"
 1621              	.LASF22:
 1622 098b 4359424C 		.ascii	"CYBLE_EVT_GAPC_SCAN_PROGRESS_RESULT\000"
 1622      455F4556 
 1622      545F4741 
 1622      50435F53 
 1622      43414E5F 
ARM GAS  C:\Users\sunyi\AppData\Local\Temp\cc1DSMyr.s 			page 39


 1623              	.LASF147:
 1624 09af 4359424C 		.ascii	"CYBLE_DIS_SYSTEM_ID\000"
 1624      455F4449 
 1624      535F5359 
 1624      5354454D 
 1624      5F494400 
 1625              	.LASF96:
 1626 09c3 4359424C 		.ascii	"CYBLE_ERROR_MAX\000"
 1626      455F4552 
 1626      524F525F 
 1626      4D415800 
 1627              	.LASF62:
 1628 09d3 4359424C 		.ascii	"CYBLE_EVT_L2CAP_CBFC_CONN_IND\000"
 1628      455F4556 
 1628      545F4C32 
 1628      4341505F 
 1628      43424643 
 1629              	.LASF41:
 1630 09f1 4359424C 		.ascii	"CYBLE_EVT_GATTC_READ_BY_TYPE_RSP\000"
 1630      455F4556 
 1630      545F4741 
 1630      5454435F 
 1630      52454144 
 1631              	.LASF15:
 1632 0a12 73697A65 		.ascii	"sizetype\000"
 1632      74797065 
 1632      00
 1633              	.LASF119:
 1634 0a1b 4359424C 		.ascii	"CYBLE_GATT_ERR_INSUFFICIENT_RESOURCE\000"
 1634      455F4741 
 1634      54545F45 
 1634      52525F49 
 1634      4E535546 
 1635              	.LASF27:
 1636 0a40 4359424C 		.ascii	"CYBLE_EVT_GAP_AUTH_FAILED\000"
 1636      455F4556 
 1636      545F4741 
 1636      505F4155 
 1636      54485F46 
 1637              	.LASF155:
 1638 0a5a 4359424C 		.ascii	"CYBLE_HRS_HRM\000"
 1638      455F4852 
 1638      535F4852 
 1638      4D00
 1639              	.LASF166:
 1640 0a68 4379426C 		.ascii	"CyBle_DissGetCharacteristicValue\000"
 1640      655F4469 
 1640      73734765 
 1640      74436861 
 1640      72616374 
 1641              	.LASF110:
 1642 0a89 4359424C 		.ascii	"CYBLE_GATT_ERR_INSUFFICIENT_AUTHORIZATION\000"
 1642      455F4741 
 1642      54545F45 
 1642      52525F49 
 1642      4E535546 
 1643              	.LASF26:
ARM GAS  C:\Users\sunyi\AppData\Local\Temp\cc1DSMyr.s 			page 40


 1644 0ab3 4359424C 		.ascii	"CYBLE_EVT_GAP_AUTH_COMPLETE\000"
 1644      455F4556 
 1644      545F4741 
 1644      505F4155 
 1644      54485F43 
 1645              	.LASF163:
 1646 0acf 61706952 		.ascii	"apiResult\000"
 1646      6573756C 
 1646      7400
 1647              	.LASF101:
 1648 0ad9 4359424C 		.ascii	"CYBLE_API_RESULT_T\000"
 1648      455F4150 
 1648      495F5245 
 1648      53554C54 
 1648      5F5400
 1649              	.LASF53:
 1650 0aec 4359424C 		.ascii	"CYBLE_EVT_GATTC_HANDLE_VALUE_NTF\000"
 1650      455F4556 
 1650      545F4741 
 1650      5454435F 
 1650      48414E44 
 1651              	.LASF98:
 1652 0b0d 4359424C 		.ascii	"CYBLE_ERROR_IND_DISABLED\000"
 1652      455F4552 
 1652      524F525F 
 1652      494E445F 
 1652      44495341 
 1653              	.LASF139:
 1654 0b26 4359424C 		.ascii	"CYBLE_GATT_HANDLE_VALUE_PAIR_T\000"
 1654      455F4741 
 1654      54545F48 
 1654      414E444C 
 1654      455F5641 
 1655              	.LASF148:
 1656 0b45 4359424C 		.ascii	"CYBLE_DIS_REG_CERT_DATA\000"
 1656      455F4449 
 1656      535F5245 
 1656      475F4345 
 1656      52545F44 
 1657              	.LASF63:
 1658 0b5d 4359424C 		.ascii	"CYBLE_EVT_L2CAP_CBFC_CONN_CNF\000"
 1658      455F4556 
 1658      545F4C32 
 1658      4341505F 
 1658      43424643 
 1659              	.LASF40:
 1660 0b7b 4359424C 		.ascii	"CYBLE_EVT_GATTC_READ_BY_GROUP_TYPE_RSP\000"
 1660      455F4556 
 1660      545F4741 
 1660      5454435F 
 1660      52454144 
 1661              	.LASF12:
 1662 0ba2 666C6F61 		.ascii	"float\000"
 1662      7400
 1663              	.LASF168:
 1664 0ba8 2E5C4765 		.ascii	".\\Generated_Source\\PSoC4\\BLE_dis.c\000"
 1664      6E657261 
ARM GAS  C:\Users\sunyi\AppData\Local\Temp\cc1DSMyr.s 			page 41


 1664      7465645F 
 1664      536F7572 
 1664      63655C50 
 1665              	.LASF111:
 1666 0bcb 4359424C 		.ascii	"CYBLE_GATT_ERR_PREPARE_WRITE_QUEUE_FULL\000"
 1666      455F4741 
 1666      54545F45 
 1666      52525F50 
 1666      52455041 
 1667              	.LASF143:
 1668 0bf3 4359424C 		.ascii	"CYBLE_DIS_SERIAL_NUMBER\000"
 1668      455F4449 
 1668      535F5345 
 1668      5249414C 
 1668      5F4E554D 
 1669              	.LASF83:
 1670 0c0b 4359424C 		.ascii	"CYBLE_ERROR_TX_POWER_READ\000"
 1670      455F4552 
 1670      524F525F 
 1670      54585F50 
 1670      4F574552 
 1671              	.LASF159:
 1672 0c25 63616C6C 		.ascii	"callbackFunc\000"
 1672      6261636B 
 1672      46756E63 
 1672      00
 1673              	.LASF133:
 1674 0c32 4359424C 		.ascii	"CYBLE_GATT_ERR_OUT_OF_RANGE\000"
 1674      455F4741 
 1674      54545F45 
 1674      52525F4F 
 1674      55545F4F 
 1675              	.LASF1:
 1676 0c4e 756E7369 		.ascii	"unsigned char\000"
 1676      676E6564 
 1676      20636861 
 1676      7200
 1677              	.LASF150:
 1678 0c5c 4359424C 		.ascii	"CYBLE_DIS_CHAR_COUNT\000"
 1678      455F4449 
 1678      535F4348 
 1678      41525F43 
 1678      4F554E54 
 1679              	.LASF115:
 1680 0c71 4359424C 		.ascii	"CYBLE_GATT_ERR_INVALID_ATTRIBUTE_LEN\000"
 1680      455F4741 
 1680      54545F45 
 1680      52525F49 
 1680      4E56414C 
 1681              	.LASF127:
 1682 0c96 4359424C 		.ascii	"CYBLE_GATTS_ERR_CCCD_IMPROPERLY_CONFIGURED\000"
 1682      455F4741 
 1682      5454535F 
 1682      4552525F 
 1682      43434344 
 1683              	.LASF171:
 1684 0cc1 4379426C 		.ascii	"CyBle_DisRegisterAttrCallback\000"
ARM GAS  C:\Users\sunyi\AppData\Local\Temp\cc1DSMyr.s 			page 42


 1684      655F4469 
 1684      73526567 
 1684      69737465 
 1684      72417474 
 1685              	.LASF99:
 1686 0cdf 4359424C 		.ascii	"CYBLE_ERROR_CHAR_IS_NOT_DISCOVERED\000"
 1686      455F4552 
 1686      524F525F 
 1686      43484152 
 1686      5F49535F 
 1687              	.LASF153:
 1688 0d02 63686172 		.ascii	"charHandle\000"
 1688      48616E64 
 1688      6C6500
 1689              	.LASF54:
 1690 0d0d 4359424C 		.ascii	"CYBLE_EVT_GATTC_HANDLE_VALUE_IND\000"
 1690      455F4556 
 1690      545F4741 
 1690      5454435F 
 1690      48414E44 
 1691              	.LASF79:
 1692 0d2e 4359424C 		.ascii	"CYBLE_ERROR_NO_CONNECTION\000"
 1692      455F4552 
 1692      524F525F 
 1692      4E4F5F43 
 1692      4F4E4E45 
 1693              	.LASF126:
 1694 0d48 4359424C 		.ascii	"CYBLE_GATT_ERR_MISSING_CRC\000"
 1694      455F4741 
 1694      54545F45 
 1694      52525F4D 
 1694      49535349 
 1695              	.LASF146:
 1696 0d63 4359424C 		.ascii	"CYBLE_DIS_SOFTWARE_REV\000"
 1696      455F4449 
 1696      535F534F 
 1696      46545741 
 1696      52455F52 
 1697              	.LASF130:
 1698 0d7a 4359424C 		.ascii	"CYBLE_GATT_ERR_ANS_COMMAND_NOT_SUPPORTED\000"
 1698      455F4741 
 1698      54545F45 
 1698      52525F41 
 1698      4E535F43 
 1699              	.LASF50:
 1700 0da3 4359424C 		.ascii	"CYBLE_EVT_GATTS_PREP_WRITE_REQ\000"
 1700      455F4556 
 1700      545F4741 
 1700      5454535F 
 1700      50524550 
 1701              	.LASF162:
 1702 0dc2 61747472 		.ascii	"attrValue\000"
 1702      56616C75 
 1702      6500
 1703              	.LASF55:
 1704 0dcc 4359424C 		.ascii	"CYBLE_EVT_GATTS_HANDLE_VALUE_CNF\000"
 1704      455F4556 
ARM GAS  C:\Users\sunyi\AppData\Local\Temp\cc1DSMyr.s 			page 43


 1704      545F4741 
 1704      5454535F 
 1704      48414E44 
 1705              	.LASF131:
 1706 0ded 4359424C 		.ascii	"CYBLE_GATT_ERR_CCCD_IMPROPERLY_CONFIGURED\000"
 1706      455F4741 
 1706      54545F45 
 1706      52525F43 
 1706      4343445F 
 1707              	.LASF156:
 1708 0e17 4359424C 		.ascii	"CYBLE_HRS_BSL\000"
 1708      455F4852 
 1708      535F4253 
 1708      4C00
 1709              	.LASF120:
 1710 0e25 4359424C 		.ascii	"CYBLE_GATT_ERR_HEART_RATE_CONTROL_POINT_NOT_SUPPORT"
 1710      455F4741 
 1710      54545F45 
 1710      52525F48 
 1710      45415254 
 1711 0e58 454400   		.ascii	"ED\000"
 1712              	.LASF14:
 1713 0e5b 63686172 		.ascii	"char\000"
 1713      00
 1714              	.LASF142:
 1715 0e60 4359424C 		.ascii	"CYBLE_DIS_MODEL_NUMBER\000"
 1715      455F4449 
 1715      535F4D4F 
 1715      44454C5F 
 1715      4E554D42 
 1716              	.LASF84:
 1717 0e77 4359424C 		.ascii	"CYBLE_ERROR_BT_ON_NOT_COMPLETED\000"
 1717      455F4552 
 1717      524F525F 
 1717      42545F4F 
 1717      4E5F4E4F 
 1718              	.LASF30:
 1719 0e97 4359424C 		.ascii	"CYBLE_EVT_GAP_DEVICE_DISCONNECTED\000"
 1719      455F4556 
 1719      545F4741 
 1719      505F4445 
 1719      56494345 
 1720              	.LASF8:
 1721 0eb9 756E7369 		.ascii	"unsigned int\000"
 1721      676E6564 
 1721      20696E74 
 1721      00
 1722              	.LASF58:
 1723 0ec6 4359424C 		.ascii	"CYBLE_EVT_GATTS_READ_CHAR_VAL_ACCESS_REQ\000"
 1723      455F4556 
 1723      545F4741 
 1723      5454535F 
 1723      52454144 
 1724              	.LASF48:
 1725 0eef 4359424C 		.ascii	"CYBLE_EVT_GATTC_WRITE_RSP\000"
 1725      455F4556 
 1725      545F4741 
ARM GAS  C:\Users\sunyi\AppData\Local\Temp\cc1DSMyr.s 			page 44


 1725      5454435F 
 1725      57524954 
 1726              	.LASF68:
 1727 0f09 4359424C 		.ascii	"CYBLE_EVT_L2CAP_CBFC_TX_CREDIT_IND\000"
 1727      455F4556 
 1727      545F4C32 
 1727      4341505F 
 1727      43424643 
 1728              	.LASF116:
 1729 0f2c 4359424C 		.ascii	"CYBLE_GATT_ERR_UNLIKELY_ERROR\000"
 1729      455F4741 
 1729      54545F45 
 1729      52525F55 
 1729      4E4C494B 
 1730              	.LASF94:
 1731 0f4a 4359424C 		.ascii	"CYBLE_ERROR_FLASH_WRITE_NOT_PERMITED\000"
 1731      455F4552 
 1731      524F525F 
 1731      464C4153 
 1731      485F5752 
 1732              	.LASF89:
 1733 0f6f 4359424C 		.ascii	"CYBLE_ERROR_L2CAP_CONNECTION_ENTITY_NOT_FOUND\000"
 1733      455F4552 
 1733      524F525F 
 1733      4C324341 
 1733      505F434F 
 1734              	.LASF132:
 1735 0f9d 4359424C 		.ascii	"CYBLE_GATT_ERR_PROCEDURE_ALREADY_IN_PROGRESS\000"
 1735      455F4741 
 1735      54545F45 
 1735      52525F50 
 1735      524F4345 
 1736              	.LASF19:
 1737 0fca 4359424C 		.ascii	"CYBLE_EVT_HARDWARE_ERROR\000"
 1737      455F4556 
 1737      545F4841 
 1737      52445741 
 1737      52455F45 
 1738              	.LASF3:
 1739 0fe3 73686F72 		.ascii	"short unsigned int\000"
 1739      7420756E 
 1739      7369676E 
 1739      65642069 
 1739      6E7400
 1740              	.LASF35:
 1741 0ff6 4359424C 		.ascii	"CYBLE_EVT_GATTC_ERROR_RSP\000"
 1741      455F4556 
 1741      545F4741 
 1741      5454435F 
 1741      4552524F 
 1742              	.LASF75:
 1743 1010 4359424C 		.ascii	"CYBLE_ERROR_INVALID_OPERATION\000"
 1743      455F4552 
 1743      524F525F 
 1743      494E5641 
 1743      4C49445F 
 1744              	.LASF121:
ARM GAS  C:\Users\sunyi\AppData\Local\Temp\cc1DSMyr.s 			page 45


 1745 102e 4359424C 		.ascii	"CYBLE_GATT_ERR_USER_DATA_ACCESS_NOT_PERMITTED\000"
 1745      455F4741 
 1745      54545F45 
 1745      52525F55 
 1745      5345525F 
 1746              	.LASF117:
 1747 105c 4359424C 		.ascii	"CYBLE_GATT_ERR_INSUFFICIENT_ENCRYPTION\000"
 1747      455F4741 
 1747      54545F45 
 1747      52525F49 
 1747      4E535546 
 1748              	.LASF140:
 1749 1083 4359424C 		.ascii	"CYBLE_CALLBACK_T\000"
 1749      455F4341 
 1749      4C4C4241 
 1749      434B5F54 
 1749      00
 1750              	.LASF38:
 1751 1094 4359424C 		.ascii	"CYBLE_EVT_GATTS_XCNHG_MTU_REQ\000"
 1751      455F4556 
 1751      545F4741 
 1751      5454535F 
 1751      58434E48 
 1752              	.LASF160:
 1753 10b2 63686172 		.ascii	"charIndex\000"
 1753      496E6465 
 1753      7800
 1754              	.LASF77:
 1755 10bc 4359424C 		.ascii	"CYBLE_ERROR_INSUFFICIENT_RESOURCES\000"
 1755      455F4552 
 1755      524F525F 
 1755      494E5355 
 1755      46464943 
 1756              	.LASF24:
 1757 10df 4359424C 		.ascii	"CYBLE_EVT_GAP_PASSKEY_ENTRY_REQUEST\000"
 1757      455F4556 
 1757      545F4741 
 1757      505F5041 
 1757      53534B45 
 1758              	.LASF45:
 1759 1103 4359424C 		.ascii	"CYBLE_EVT_GATTC_READ_BLOB_RSP\000"
 1759      455F4556 
 1759      545F4741 
 1759      5454435F 
 1759      52454144 
 1760              	.LASF109:
 1761 1121 4359424C 		.ascii	"CYBLE_GATT_ERR_INVALID_OFFSET\000"
 1761      455F4741 
 1761      54545F45 
 1761      52525F49 
 1761      4E56414C 
 1762              	.LASF95:
 1763 113f 4359424C 		.ascii	"CYBLE_ERROR_MIC_AUTH_FAILED\000"
 1763      455F4552 
 1763      524F525F 
 1763      4D49435F 
 1763      41555448 
ARM GAS  C:\Users\sunyi\AppData\Local\Temp\cc1DSMyr.s 			page 46


 1764              	.LASF88:
 1765 115b 4359424C 		.ascii	"CYBLE_ERROR_L2CAP_PSM_NOT_REGISTERED\000"
 1765      455F4552 
 1765      524F525F 
 1765      4C324341 
 1765      505F5053 
 1766              	.LASF167:
 1767 1180 474E5520 		.ascii	"GNU C 4.9.3 20150303 (release) [ARM/embedded-4_9-br"
 1767      4320342E 
 1767      392E3320 
 1767      32303135 
 1767      30333033 
 1768 11b3 616E6368 		.ascii	"anch revision 221220] -mcpu=cortex-m0 -mthumb -g -O"
 1768      20726576 
 1768      6973696F 
 1768      6E203232 
 1768      31323230 
 1769 11e6 30202D66 		.ascii	"0 -ffunction-sections -ffat-lto-objects\000"
 1769      66756E63 
 1769      74696F6E 
 1769      2D736563 
 1769      74696F6E 
 1770              	.LASF43:
 1771 120e 4359424C 		.ascii	"CYBLE_EVT_GATTC_FIND_BY_TYPE_VALUE_RSP\000"
 1771      455F4556 
 1771      545F4741 
 1771      5454435F 
 1771      46494E44 
 1772              	.LASF154:
 1773 1235 4359424C 		.ascii	"CYBLE_DISS_T\000"
 1773      455F4449 
 1773      53535F54 
 1773      00
 1774              	.LASF34:
 1775 1242 4359424C 		.ascii	"CYBLE_EVT_GAP_KEYINFO_EXCHNGE_CMPLT\000"
 1775      455F4556 
 1775      545F4741 
 1775      505F4B45 
 1775      59494E46 
 1776              	.LASF164:
 1777 1266 6C6F6348 		.ascii	"locHandleValuePair\000"
 1777      616E646C 
 1777      6556616C 
 1777      75655061 
 1777      697200
 1778              	.LASF64:
 1779 1279 4359424C 		.ascii	"CYBLE_EVT_L2CAP_CBFC_DISCONN_IND\000"
 1779      455F4556 
 1779      545F4C32 
 1779      4341505F 
 1779      43424643 
 1780              	.LASF60:
 1781 129a 4359424C 		.ascii	"CYBLE_EVT_L2CAP_CONN_PARAM_UPDATE_RSP\000"
 1781      455F4556 
 1781      545F4C32 
 1781      4341505F 
 1781      434F4E4E 
ARM GAS  C:\Users\sunyi\AppData\Local\Temp\cc1DSMyr.s 			page 47


 1782              	.LASF141:
 1783 12c0 4359424C 		.ascii	"CYBLE_DIS_MANUFACTURER_NAME\000"
 1783      455F4449 
 1783      535F4D41 
 1783      4E554641 
 1783      43545552 
 1784              	.LASF161:
 1785 12dc 61747472 		.ascii	"attrSize\000"
 1785      53697A65 
 1785      00
 1786              	.LASF92:
 1787 12e5 4359424C 		.ascii	"CYBLE_ERROR_GATT_DB_INVALID_ATTR_HANDLE\000"
 1787      455F4552 
 1787      524F525F 
 1787      47415454 
 1787      5F44425F 
 1788              	.LASF81:
 1789 130d 4359424C 		.ascii	"CYBLE_ERROR_REPEATED_ATTEMPTS\000"
 1789      455F4552 
 1789      524F525F 
 1789      52455045 
 1789      41544544 
 1790              		.ident	"GCC: (GNU Tools for ARM Embedded Processors) 4.9.3 20150303 (release) [ARM/embedded-4_9-br
